This file contains any messages produced by compilers while
running configure, to aid debugging if configure makes a mistake.

It was created by libssh2 configure -, which was
generated by GNU Autoconf 2.69.  Invocation command line was

  $ configure --enable-shared=no --disable-examples-build

## --------- ##
## Platform. ##
## --------- ##

hostname = Anastasias-MacBook-Pro-2.local
uname -m = x86_64
uname -r = 14.4.0
uname -s = Darwin
uname -v = Darwin Kernel Version 14.4.0: Thu May 28 11:35:04 PDT 2015; root:xnu-2782.30.5~1/RELEASE_X86_64

/usr/bin/uname -p = i386
/bin/uname -X     = unknown

/bin/arch              = unknown
/usr/bin/arch -k       = unknown
/usr/convex/getsysinfo = unknown
/usr/bin/hostinfo      = Mach kernel version:
	 Darwin Kernel Version 14.4.0: Thu May 28 11:35:04 PDT 2015; root:xnu-2782.30.5~1/RELEASE_X86_64
Kernel configured for up to 8 processors.
4 processors are physically available.
8 processors are logically available.
Processor type: x86_64h (Intel x86-64h Haswell)
Processors active: 0 1 2 3 4 5 6 7
Primary memory available: 16.00 gigabytes
Default processor set: 189 tasks, 842 threads, 8 processors
Load average: 1.81, Mach factor: 6.18
/bin/machine           = unknown
/usr/bin/oslevel       = unknown
/bin/universe          = unknown

PATH: /System/Library/Frameworks/Python.framework/Versions/2.7/bin
PATH: /usr/local/bin
PATH: /usr/bin
PATH: /bin
PATH: /usr/sbin
PATH: /sbin
PATH: /usr/local/git/bin


## ----------- ##
## Core tests. ##
## ----------- ##

configure:2402: checking whether to enable maintainer-specific portions of Makefiles
configure:2411: result: no
configure:2427: checking for sed
configure:2446: found /usr/bin/sed
configure:2459: result: /usr/bin/sed
configure:2520: checking for a BSD-compatible install
configure:2588: result: /usr/bin/install -c
configure:2599: checking whether build environment is sane
configure:2654: result: yes
configure:2692: WARNING: 'missing' script is too old or missing
configure:2805: checking for a thread-safe mkdir -p
configure:2844: result: ./install-sh -c -d
configure:2851: checking for gawk
configure:2881: result: no
configure:2851: checking for mawk
configure:2881: result: no
configure:2851: checking for nawk
configure:2881: result: no
configure:2851: checking for awk
configure:2867: found /usr/bin/awk
configure:2878: result: awk
configure:2889: checking whether make sets $(MAKE)
configure:2911: result: yes
configure:2940: checking whether make supports nested variables
configure:2957: result: yes
configure:3083: checking libssh2 version
configure:3085: result: 1.6.0
configure:3096: checking build system type
configure:3110: result: x86_64-apple-darwin14.4.0
configure:3130: checking host system type
configure:3143: result: x86_64-apple-darwin14.4.0
configure:3170: autobuild project... libssh2
configure:3176: autobuild revision... 1.6.0
configure:3181: autobuild hostname... Anastasias-MacBook-Pro-2.local
configure:3192: autobuild timestamp... 20150729-190756
configure:3233: checking for style of include used by make
configure:3261: result: GNU
configure:3332: checking for gcc
configure:3348: found /usr/bin/gcc
configure:3359: result: gcc
configure:3588: checking for C compiler version
configure:3597: gcc --version >&5
Apple LLVM version 6.1.0 (clang-602.0.53) (based on LLVM 3.6.0svn)
Target: x86_64-apple-darwin14.4.0
Thread model: posix
Configured with: --prefix=/Library/Developer/CommandLineTools/usr --with-gxx-include-dir=/usr/include/c++/4.2.1
configure:3608: $? = 0
configure:3597: gcc -v >&5
Configured with: --prefix=/Library/Developer/CommandLineTools/usr --with-gxx-include-dir=/usr/include/c++/4.2.1
Apple LLVM version 6.1.0 (clang-602.0.53) (based on LLVM 3.6.0svn)
Target: x86_64-apple-darwin14.4.0
Thread model: posix
configure:3608: $? = 0
configure:3597: gcc -V >&5
clang: error: argument to '-V' is missing (expected 1 value)
clang: error: no input files
configure:3608: $? = 1
configure:3597: gcc -qversion >&5
clang: error: unknown argument: '-qversion'
clang: error: no input files
configure:3608: $? = 1
configure:3628: checking whether the C compiler works
configure:3650: gcc  -DLIBSSH2_DARWIN   conftest.c  >&5
configure:3654: $? = 0
configure:3702: result: yes
configure:3705: checking for C compiler default output file name
configure:3707: result: a.out
configure:3713: checking for suffix of executables
configure:3720: gcc -o conftest  -DLIBSSH2_DARWIN   conftest.c  >&5
configure:3724: $? = 0
configure:3746: result: 
configure:3768: checking whether we are cross compiling
configure:3776: gcc -o conftest  -DLIBSSH2_DARWIN   conftest.c  >&5
configure:3780: $? = 0
configure:3787: ./conftest
configure:3791: $? = 0
configure:3806: result: no
configure:3811: checking for suffix of object files
configure:3833: gcc -c  -DLIBSSH2_DARWIN  conftest.c >&5
configure:3837: $? = 0
configure:3858: result: o
configure:3862: checking whether we are using the GNU C compiler
configure:3881: gcc -c  -DLIBSSH2_DARWIN  conftest.c >&5
configure:3881: $? = 0
configure:3890: result: yes
configure:3899: checking whether gcc accepts -g
configure:3919: gcc -c -g  conftest.c >&5
configure:3919: $? = 0
configure:3960: result: yes
configure:3977: checking for gcc option to accept ISO C89
configure:4040: gcc  -c  -DLIBSSH2_DARWIN  conftest.c >&5
configure:4040: $? = 0
configure:4053: result: none needed
configure:4078: checking whether gcc understands -c and -o together
configure:4100: gcc -c conftest.c -o conftest2.o
configure:4103: $? = 0
configure:4100: gcc -c conftest.c -o conftest2.o
configure:4103: $? = 0
configure:4115: result: yes
configure:4134: checking dependency style of gcc
configure:4245: result: gcc3
configure:4266: checking how to run the C preprocessor
configure:4297: gcc -E  conftest.c
configure:4297: $? = 0
configure:4311: gcc -E  conftest.c
conftest.c:11:10: fatal error: 'ac_nonexistent.h' file not found
#include <ac_nonexistent.h>
         ^
1 error generated.
configure:4311: $? = 1
configure: failed program was:
| /* confdefs.h */
| #define PACKAGE_NAME "libssh2"
| #define PACKAGE_TARNAME "libssh2"
| #define PACKAGE_VERSION "-"
| #define PACKAGE_STRING "libssh2 -"
| #define PACKAGE_BUGREPORT "libssh2-devel@cool.haxx.se"
| #define PACKAGE_URL ""
| #define PACKAGE "libssh2"
| #define VERSION "-"
| /* end confdefs.h.  */
| #include <ac_nonexistent.h>
configure:4336: result: gcc -E
configure:4356: gcc -E  conftest.c
configure:4356: $? = 0
configure:4370: gcc -E  conftest.c
conftest.c:11:10: fatal error: 'ac_nonexistent.h' file not found
#include <ac_nonexistent.h>
         ^
1 error generated.
configure:4370: $? = 1
configure: failed program was:
| /* confdefs.h */
| #define PACKAGE_NAME "libssh2"
| #define PACKAGE_TARNAME "libssh2"
| #define PACKAGE_VERSION "-"
| #define PACKAGE_STRING "libssh2 -"
| #define PACKAGE_BUGREPORT "libssh2-devel@cool.haxx.se"
| #define PACKAGE_URL ""
| #define PACKAGE "libssh2"
| #define VERSION "-"
| /* end confdefs.h.  */
| #include <ac_nonexistent.h>
configure:4399: checking for grep that handles long lines and -e
configure:4457: result: /usr/bin/grep
configure:4462: checking for egrep
configure:4524: result: /usr/bin/grep -E
configure:4529: checking for ANSI C header files
configure:4549: gcc -c  -DLIBSSH2_DARWIN  conftest.c >&5
configure:4549: $? = 0
configure:4622: gcc -o conftest  -DLIBSSH2_DARWIN   conftest.c  >&5
configure:4622: $? = 0
configure:4622: ./conftest
configure:4622: $? = 0
configure:4633: result: yes
configure:4646: checking for sys/types.h
configure:4646: gcc -c  -DLIBSSH2_DARWIN  conftest.c >&5
configure:4646: $? = 0
configure:4646: result: yes
configure:4646: checking for sys/stat.h
configure:4646: gcc -c  -DLIBSSH2_DARWIN  conftest.c >&5
configure:4646: $? = 0
configure:4646: result: yes
configure:4646: checking for stdlib.h
configure:4646: gcc -c  -DLIBSSH2_DARWIN  conftest.c >&5
configure:4646: $? = 0
configure:4646: result: yes
configure:4646: checking for string.h
configure:4646: gcc -c  -DLIBSSH2_DARWIN  conftest.c >&5
configure:4646: $? = 0
configure:4646: result: yes
configure:4646: checking for memory.h
configure:4646: gcc -c  -DLIBSSH2_DARWIN  conftest.c >&5
configure:4646: $? = 0
configure:4646: result: yes
configure:4646: checking for strings.h
configure:4646: gcc -c  -DLIBSSH2_DARWIN  conftest.c >&5
configure:4646: $? = 0
configure:4646: result: yes
configure:4646: checking for inttypes.h
configure:4646: gcc -c  -DLIBSSH2_DARWIN  conftest.c >&5
configure:4646: $? = 0
configure:4646: result: yes
configure:4646: checking for stdint.h
configure:4646: gcc -c  -DLIBSSH2_DARWIN  conftest.c >&5
configure:4646: $? = 0
configure:4646: result: yes
configure:4646: checking for unistd.h
configure:4646: gcc -c  -DLIBSSH2_DARWIN  conftest.c >&5
configure:4646: $? = 0
configure:4646: result: yes
configure:4658: checking for long long
configure:4658: gcc -c  -DLIBSSH2_DARWIN  conftest.c >&5
configure:4658: $? = 0
configure:4658: gcc -c  -DLIBSSH2_DARWIN  conftest.c >&5
conftest.c:57:24: error: expected expression
if (sizeof ((long long)))
                       ^
1 error generated.
configure:4658: $? = 1
configure: failed program was:
| /* confdefs.h */
| #define PACKAGE_NAME "libssh2"
| #define PACKAGE_TARNAME "libssh2"
| #define PACKAGE_VERSION "-"
| #define PACKAGE_STRING "libssh2 -"
| #define PACKAGE_BUGREPORT "libssh2-devel@cool.haxx.se"
| #define PACKAGE_URL ""
| #define PACKAGE "libssh2"
| #define VERSION "-"
| #define STDC_HEADERS 1
| #define HAVE_SYS_TYPES_H 1
| #define HAVE_SYS_STAT_H 1
| #define HAVE_STDLIB_H 1
| #define HAVE_STRING_H 1
| #define HAVE_MEMORY_H 1
| #define HAVE_STRINGS_H 1
| #define HAVE_INTTYPES_H 1
| #define HAVE_STDINT_H 1
| #define HAVE_UNISTD_H 1
| /* end confdefs.h.  */
| #include <stdio.h>
| #ifdef HAVE_SYS_TYPES_H
| # include <sys/types.h>
| #endif
| #ifdef HAVE_SYS_STAT_H
| # include <sys/stat.h>
| #endif
| #ifdef STDC_HEADERS
| # include <stdlib.h>
| # include <stddef.h>
| #else
| # ifdef HAVE_STDLIB_H
| #  include <stdlib.h>
| # endif
| #endif
| #ifdef HAVE_STRING_H
| # if !defined STDC_HEADERS && defined HAVE_MEMORY_H
| #  include <memory.h>
| # endif
| # include <string.h>
| #endif
| #ifdef HAVE_STRINGS_H
| # include <strings.h>
| #endif
| #ifdef HAVE_INTTYPES_H
| # include <inttypes.h>
| #endif
| #ifdef HAVE_STDINT_H
| # include <stdint.h>
| #endif
| #ifdef HAVE_UNISTD_H
| # include <unistd.h>
| #endif
| int
| main ()
| {
| if (sizeof ((long long)))
| 	    return 0;
|   ;
|   return 0;
| }
configure:4658: result: yes
configure:4670: checking if _REENTRANT is already defined
configure:4692: gcc -c  -DLIBSSH2_DARWIN  conftest.c >&5
conftest.c:32:7: error: use of undeclared identifier 'force'
      force compilation error
      ^
1 error generated.
configure:4692: $? = 1
configure: failed program was:
| /* confdefs.h */
| #define PACKAGE_NAME "libssh2"
| #define PACKAGE_TARNAME "libssh2"
| #define PACKAGE_VERSION "-"
| #define PACKAGE_STRING "libssh2 -"
| #define PACKAGE_BUGREPORT "libssh2-devel@cool.haxx.se"
| #define PACKAGE_URL ""
| #define PACKAGE "libssh2"
| #define VERSION "-"
| #define STDC_HEADERS 1
| #define HAVE_SYS_TYPES_H 1
| #define HAVE_SYS_STAT_H 1
| #define HAVE_STDLIB_H 1
| #define HAVE_STRING_H 1
| #define HAVE_MEMORY_H 1
| #define HAVE_STRINGS_H 1
| #define HAVE_INTTYPES_H 1
| #define HAVE_STDINT_H 1
| #define HAVE_UNISTD_H 1
| #define HAVE_LONGLONG 1
| /* end confdefs.h.  */
| 
| 
| 
| int
| main ()
| {
| 
| #ifdef _REENTRANT
|       int dummy=1;
| #else
|       force compilation error
| #endif
| 
|   ;
|   return 0;
| }
| 
configure:4700: result: no
configure:4708: checking if _REENTRANT is actually needed
configure:4725: result: no
configure:4730: checking if _REENTRANT is onwards defined
configure:4747: result: no
configure:4754: checking for library containing socket
configure:4785: gcc -o conftest  -DLIBSSH2_DARWIN   conftest.c  >&5
configure:4785: $? = 0
configure:4802: result: none required
configure:4812: checking for library containing inet_addr
configure:4843: gcc -o conftest  -DLIBSSH2_DARWIN   conftest.c  >&5
configure:4843: $? = 0
configure:4860: result: none required
configure:4919: checking for gcc
configure:4946: result: gcc
configure:5175: checking for C compiler version
configure:5184: gcc --version >&5
Apple LLVM version 6.1.0 (clang-602.0.53) (based on LLVM 3.6.0svn)
Target: x86_64-apple-darwin14.4.0
Thread model: posix
Configured with: --prefix=/Library/Developer/CommandLineTools/usr --with-gxx-include-dir=/usr/include/c++/4.2.1
configure:5195: $? = 0
configure:5184: gcc -v >&5
Configured with: --prefix=/Library/Developer/CommandLineTools/usr --with-gxx-include-dir=/usr/include/c++/4.2.1
Apple LLVM version 6.1.0 (clang-602.0.53) (based on LLVM 3.6.0svn)
Target: x86_64-apple-darwin14.4.0
Thread model: posix
configure:5195: $? = 0
configure:5184: gcc -V >&5
clang: error: argument to '-V' is missing (expected 1 value)
clang: error: no input files
configure:5195: $? = 1
configure:5184: gcc -qversion >&5
clang: error: unknown argument: '-qversion'
clang: error: no input files
configure:5195: $? = 1
configure:5199: checking whether we are using the GNU C compiler
configure:5227: result: yes
configure:5236: checking whether gcc accepts -g
configure:5297: result: yes
configure:5314: checking for gcc option to accept ISO C89
configure:5390: result: none needed
configure:5415: checking whether gcc understands -c and -o together
configure:5452: result: yes
configure:5471: checking dependency style of gcc
configure:5582: result: gcc3
configure:5598: checking whether ln -s works
configure:5602: result: yes
configure:5609: checking whether make sets $(MAKE)
configure:5631: result: yes
configure:5644: checking for sshd
configure:5662: found /usr/sbin/sshd
configure:5674: result: /usr/sbin/sshd
configure:5998: WARNING: Libtool does not cope well with whitespace in `pwd`
configure:6042: checking how to print strings
configure:6069: result: printf
configure:6090: checking for a sed that does not truncate output
configure:6154: result: /usr/bin/sed
configure:6172: checking for fgrep
configure:6234: result: /usr/bin/grep -F
configure:6269: checking for ld used by gcc
configure:6336: result: /Library/Developer/CommandLineTools/usr/bin/ld
configure:6343: checking if the linker (/Library/Developer/CommandLineTools/usr/bin/ld) is GNU ld
configure:6358: result: no
configure:6370: checking for BSD- or MS-compatible name lister (nm)
configure:6419: result: /usr/bin/nm
configure:6549: checking the name lister (/usr/bin/nm) interface
configure:6556: gcc -c  -DLIBSSH2_DARWIN  conftest.c >&5
configure:6559: /usr/bin/nm "conftest.o"
configure:6562: output
0000000000000000 S _some_variable
configure:6569: result: BSD nm
configure:6573: checking the maximum length of command line arguments
configure:6704: result: 196608
configure:6721: checking whether the shell understands some XSI constructs
configure:6731: result: yes
configure:6735: checking whether the shell understands "+="
configure:6741: result: yes
configure:6776: checking how to convert x86_64-apple-darwin14.4.0 file names to x86_64-apple-darwin14.4.0 format
configure:6816: result: func_convert_file_noop
configure:6823: checking how to convert x86_64-apple-darwin14.4.0 file names to toolchain format
configure:6843: result: func_convert_file_noop
configure:6850: checking for /Library/Developer/CommandLineTools/usr/bin/ld option to reload object files
configure:6857: result: -r
configure:6931: checking for objdump
configure:6958: result: objdump
configure:6987: checking how to recognize dependent libraries
configure:7185: result: pass_all
configure:7270: checking for dlltool
configure:7297: result: dlltool
configure:7327: checking how to associate runtime and link libraries
configure:7354: result: printf %s\n
configure:7414: checking for ar
configure:7430: found /usr/bin/ar
configure:7441: result: ar
configure:7478: checking for archiver @FILE support
configure:7495: gcc -c  -DLIBSSH2_DARWIN  conftest.c >&5
configure:7495: $? = 0
configure:7498: ar cru libconftest.a @conftest.lst >&5
ar: @conftest.lst: No such file or directory
configure:7501: $? = 1
configure:7521: result: no
configure:7579: checking for strip
configure:7595: found /usr/bin/strip
configure:7606: result: strip
configure:7678: checking for ranlib
configure:7694: found /usr/bin/ranlib
configure:7705: result: ranlib
configure:7807: checking command to parse /usr/bin/nm output from gcc object
configure:7927: gcc -c  -DLIBSSH2_DARWIN  conftest.c >&5
configure:7930: $? = 0
configure:7934: /usr/bin/nm conftest.o \| sed -n -e 's/^.*[ ]\([BCDEGRST][BCDEGRST]*\)[ ][ ]*\([_A-Za-z][_A-Za-z0-9]*\)$/\1 \2 \2/p' | sed '/ __gnu_lto/d' \> conftest.nm
configure:7937: $? = 0
cannot find nm_test_var in conftest.nm
configure:7927: gcc -c  -DLIBSSH2_DARWIN  conftest.c >&5
configure:7930: $? = 0
configure:7934: /usr/bin/nm conftest.o \| sed -n -e 's/^.*[ ]\([BCDEGRST][BCDEGRST]*\)[ ][ ]*_\([_A-Za-z][_A-Za-z0-9]*\)$/\1 _\2 \2/p' | sed '/ __gnu_lto/d' \> conftest.nm
configure:7937: $? = 0
configure:8003: gcc -o conftest  -DLIBSSH2_DARWIN   conftest.c conftstm.o >&5
configure:8006: $? = 0
configure:8044: result: ok
configure:8081: checking for sysroot
configure:8111: result: no
configure:8380: checking for mt
configure:8410: result: no
configure:8430: checking if : is a manifest tool
configure:8436: : '-?'
configure:8444: result: no
configure:8500: checking for dsymutil
configure:8516: found /usr/bin/dsymutil
configure:8527: result: dsymutil
configure:8592: checking for nmedit
configure:8608: found /usr/bin/nmedit
configure:8619: result: nmedit
configure:8684: checking for lipo
configure:8700: found /usr/bin/lipo
configure:8711: result: lipo
configure:8776: checking for otool
configure:8792: found /usr/bin/otool
configure:8803: result: otool
configure:8868: checking for otool64
configure:8898: result: no
configure:8943: checking for -single_module linker flag
gcc  -DLIBSSH2_DARWIN  -o libconftest.dylib -dynamiclib -Wl,-single_module conftest.c
configure:8976: result: yes
configure:8979: checking for -exported_symbols_list linker flag
configure:8999: gcc -o conftest  -DLIBSSH2_DARWIN   -Wl,-exported_symbols_list,conftest.sym conftest.c  >&5
configure:8999: $? = 0
configure:9009: result: yes
configure:9012: checking for -force_load linker flag
gcc  -DLIBSSH2_DARWIN -c -o conftest.o conftest.c
ar cru libconftest.a conftest.o
ranlib libconftest.a
gcc  -DLIBSSH2_DARWIN  -o conftest conftest.c -Wl,-force_load,./libconftest.a
configure:9044: result: yes
configure:9083: checking for dlfcn.h
configure:9083: gcc -c  -DLIBSSH2_DARWIN  conftest.c >&5
configure:9083: $? = 0
configure:9083: result: yes
configure:9287: checking for objdir
configure:9302: result: .libs
configure:9573: checking if gcc supports -fno-rtti -fno-exceptions
configure:9591: gcc -c  -DLIBSSH2_DARWIN  -fno-rtti -fno-exceptions conftest.c >&5
configure:9595: $? = 0
configure:9608: result: yes
configure:9935: checking for gcc option to produce PIC
configure:9942: result: -fno-common -DPIC
configure:9950: checking if gcc PIC flag -fno-common -DPIC works
configure:9968: gcc -c  -DLIBSSH2_DARWIN  -fno-common -DPIC -DPIC conftest.c >&5
configure:9972: $? = 0
configure:9985: result: yes
configure:10014: checking if gcc static flag -static works
configure:10042: result: no
configure:10057: checking if gcc supports -c -o file.o
configure:10078: gcc -c  -DLIBSSH2_DARWIN  -o out/conftest2.o conftest.c >&5
configure:10082: $? = 0
configure:10104: result: yes
configure:10112: checking if gcc supports -c -o file.o
configure:10159: result: yes
configure:10192: checking whether the gcc linker (/Library/Developer/CommandLineTools/usr/bin/ld) supports shared libraries
configure:11349: result: yes
configure:11589: checking dynamic linker characteristics
configure:12323: result: darwin14.4.0 dyld
configure:12430: checking how to hardcode library paths into programs
configure:12455: result: immediate
configure:12995: checking whether stripping libraries is possible
configure:13009: result: yes
configure:13035: checking if libtool supports shared libraries
configure:13037: result: yes
configure:13040: checking whether to build shared libraries
configure:13061: result: no
configure:13064: checking whether to build static libraries
configure:13068: result: yes
configure:13105: checking whether byte ordering is bigendian
configure:13120: gcc -c  -DLIBSSH2_DARWIN  conftest.c >&5
configure:13120: $? = 0
configure:13165: gcc -c  -DLIBSSH2_DARWIN  conftest.c >&5
configure:13165: $? = 0
configure:13183: gcc -c  -DLIBSSH2_DARWIN  conftest.c >&5
conftest.c:31:4: error: use of undeclared identifier 'not'
                 not big endian
                 ^
1 error generated.
configure:13183: $? = 1
configure: failed program was:
| /* confdefs.h */
| #define PACKAGE_NAME "libssh2"
| #define PACKAGE_TARNAME "libssh2"
| #define PACKAGE_VERSION "-"
| #define PACKAGE_STRING "libssh2 -"
| #define PACKAGE_BUGREPORT "libssh2-devel@cool.haxx.se"
| #define PACKAGE_URL ""
| #define PACKAGE "libssh2"
| #define VERSION "-"
| #define STDC_HEADERS 1
| #define HAVE_SYS_TYPES_H 1
| #define HAVE_SYS_STAT_H 1
| #define HAVE_STDLIB_H 1
| #define HAVE_STRING_H 1
| #define HAVE_MEMORY_H 1
| #define HAVE_STRINGS_H 1
| #define HAVE_INTTYPES_H 1
| #define HAVE_STDINT_H 1
| #define HAVE_UNISTD_H 1
| #define HAVE_LONGLONG 1
| #define HAVE_DLFCN_H 1
| #define LT_OBJDIR ".libs/"
| /* end confdefs.h.  */
| #include <sys/types.h>
| 		#include <sys/param.h>
| 
| int
| main ()
| {
| #if BYTE_ORDER != BIG_ENDIAN
| 		 not big endian
| 		#endif
| 
|   ;
|   return 0;
| }
configure:13311: result: no
configure:13337: checking for special C compiler options needed for large files
configure:13382: result: no
configure:13388: checking for _FILE_OFFSET_BITS value needed for large files
configure:13413: gcc -c  -DLIBSSH2_DARWIN  conftest.c >&5
configure:13413: $? = 0
configure:13445: result: no
configure:13610: checking for ld used by GCC
configure:13674: result: /Library/Developer/CommandLineTools/usr/bin/ld
configure:13681: checking if the linker (/Library/Developer/CommandLineTools/usr/bin/ld) is GNU ld
configure:13694: result: no
configure:13701: checking for shared library run path origin
configure:13714: result: done
configure:14219: checking for libssl
configure:14238: gcc -o conftest  -DLIBSSH2_DARWIN   conftest.c  -lssl -lcrypto >&5
configure:14238: $? = 0
configure:14248: result: yes
configure:14255: checking how to link with libssl
configure:14257: result: -lssl -lcrypto
configure:14285: checking for EVP_aes_128_ctr
configure:14285: gcc -o conftest  -DLIBSSH2_DARWIN   conftest.c  -lssl -lcrypto >&5
Undefined symbols for architecture x86_64:
  "_EVP_aes_128_ctr", referenced from:
      _main in conftest-8a139e.o
ld: symbol(s) not found for architecture x86_64
clang: error: linker command failed with exit code 1 (use -v to see invocation)
configure:14285: $? = 1
configure: failed program was:
| /* confdefs.h */
| #define PACKAGE_NAME "libssh2"
| #define PACKAGE_TARNAME "libssh2"
| #define PACKAGE_VERSION "-"
| #define PACKAGE_STRING "libssh2 -"
| #define PACKAGE_BUGREPORT "libssh2-devel@cool.haxx.se"
| #define PACKAGE_URL ""
| #define PACKAGE "libssh2"
| #define VERSION "-"
| #define STDC_HEADERS 1
| #define HAVE_SYS_TYPES_H 1
| #define HAVE_SYS_STAT_H 1
| #define HAVE_STDLIB_H 1
| #define HAVE_STRING_H 1
| #define HAVE_MEMORY_H 1
| #define HAVE_STRINGS_H 1
| #define HAVE_INTTYPES_H 1
| #define HAVE_STDINT_H 1
| #define HAVE_UNISTD_H 1
| #define HAVE_LONGLONG 1
| #define HAVE_DLFCN_H 1
| #define LT_OBJDIR ".libs/"
| #define HAVE_LIBSSL 1
| #define LIBSSH2_OPENSSL 1
| /* end confdefs.h.  */
| /* Define EVP_aes_128_ctr to an innocuous variant, in case <limits.h> declares EVP_aes_128_ctr.
|    For example, HP-UX 11i <limits.h> declares gettimeofday.  */
| #define EVP_aes_128_ctr innocuous_EVP_aes_128_ctr
| 
| /* System header to define __stub macros and hopefully few prototypes,
|     which can conflict with char EVP_aes_128_ctr (); below.
|     Prefer <limits.h> to <assert.h> if __STDC__ is defined, since
|     <limits.h> exists even on freestanding compilers.  */
| 
| #ifdef __STDC__
| # include <limits.h>
| #else
| # include <assert.h>
| #endif
| 
| #undef EVP_aes_128_ctr
| 
| /* Override any GCC internal prototype to avoid an error.
|    Use char because int might match the return type of a GCC
|    builtin and then its argument prototype would still apply.  */
| #ifdef __cplusplus
| extern "C"
| #endif
| char EVP_aes_128_ctr ();
| /* The GNU C library defines this for functions which it implements
|     to always fail with ENOSYS.  Some functions are actually named
|     something starting with __ and the normal name is an alias.  */
| #if defined __stub_EVP_aes_128_ctr || defined __stub___EVP_aes_128_ctr
| choke me
| #endif
| 
| int
| main ()
| {
| return EVP_aes_128_ctr ();
|   ;
|   return 0;
| }
configure:14285: result: no
configure:16430: checking for libz
configure:16449: gcc -o conftest  -DLIBSSH2_DARWIN   conftest.c  -lz >&5
configure:16449: $? = 0
configure:16459: result: yes
configure:16466: checking how to link with libz
configure:16468: result: -lz
configure:16547: WARNING: secure clearing/zeroing of memory is not supported by the selected crypto backend
configure:16562: checking whether to enable pedantic and debug compiler options
configure:16695: result: no
configure:16701: checking whether to enable hidden symbols in the library
configure:16742: result: no
configure:16749: checking whether to build example applications
configure:16765: result: no
configure:16781: checking errno.h usability
configure:16781: gcc -c  -DLIBSSH2_DARWIN  conftest.c >&5
configure:16781: $? = 0
configure:16781: result: yes
configure:16781: checking errno.h presence
configure:16781: gcc -E  conftest.c
configure:16781: $? = 0
configure:16781: result: yes
configure:16781: checking for errno.h
configure:16781: result: yes
configure:16781: checking fcntl.h usability
configure:16781: gcc -c  -DLIBSSH2_DARWIN  conftest.c >&5
configure:16781: $? = 0
configure:16781: result: yes
configure:16781: checking fcntl.h presence
configure:16781: gcc -E  conftest.c
configure:16781: $? = 0
configure:16781: result: yes
configure:16781: checking for fcntl.h
configure:16781: result: yes
configure:16781: checking stdio.h usability
configure:16781: gcc -c  -DLIBSSH2_DARWIN  conftest.c >&5
configure:16781: $? = 0
configure:16781: result: yes
configure:16781: checking stdio.h presence
configure:16781: gcc -E  conftest.c
configure:16781: $? = 0
configure:16781: result: yes
configure:16781: checking for stdio.h
configure:16781: result: yes
configure:16781: checking for stdlib.h
configure:16781: result: yes
configure:16781: checking for unistd.h
configure:16781: result: yes
configure:16781: checking sys/uio.h usability
configure:16781: gcc -c  -DLIBSSH2_DARWIN  conftest.c >&5
configure:16781: $? = 0
configure:16781: result: yes
configure:16781: checking sys/uio.h presence
configure:16781: gcc -E  conftest.c
configure:16781: $? = 0
configure:16781: result: yes
configure:16781: checking for sys/uio.h
configure:16781: result: yes
configure:16794: checking sys/select.h usability
configure:16794: gcc -c  -DLIBSSH2_DARWIN  conftest.c >&5
configure:16794: $? = 0
configure:16794: result: yes
configure:16794: checking sys/select.h presence
configure:16794: gcc -E  conftest.c
configure:16794: $? = 0
configure:16794: result: yes
configure:16794: checking for sys/select.h
configure:16794: result: yes
configure:16794: checking sys/socket.h usability
configure:16794: gcc -c  -DLIBSSH2_DARWIN  conftest.c >&5
configure:16794: $? = 0
configure:16794: result: yes
configure:16794: checking sys/socket.h presence
configure:16794: gcc -E  conftest.c
configure:16794: $? = 0
configure:16794: result: yes
configure:16794: checking for sys/socket.h
configure:16794: result: yes
configure:16794: checking sys/ioctl.h usability
configure:16794: gcc -c  -DLIBSSH2_DARWIN  conftest.c >&5
configure:16794: $? = 0
configure:16794: result: yes
configure:16794: checking sys/ioctl.h presence
configure:16794: gcc -E  conftest.c
configure:16794: $? = 0
configure:16794: result: yes
configure:16794: checking for sys/ioctl.h
configure:16794: result: yes
configure:16794: checking sys/time.h usability
configure:16794: gcc -c  -DLIBSSH2_DARWIN  conftest.c >&5
configure:16794: $? = 0
configure:16794: result: yes
configure:16794: checking sys/time.h presence
configure:16794: gcc -E  conftest.c
configure:16794: $? = 0
configure:16794: result: yes
configure:16794: checking for sys/time.h
configure:16794: result: yes
configure:16807: checking arpa/inet.h usability
configure:16807: gcc -c  -DLIBSSH2_DARWIN  conftest.c >&5
configure:16807: $? = 0
configure:16807: result: yes
configure:16807: checking arpa/inet.h presence
configure:16807: gcc -E  conftest.c
configure:16807: $? = 0
configure:16807: result: yes
configure:16807: checking for arpa/inet.h
configure:16807: result: yes
configure:16807: checking netinet/in.h usability
configure:16807: gcc -c  -DLIBSSH2_DARWIN  conftest.c >&5
configure:16807: $? = 0
configure:16807: result: yes
configure:16807: checking netinet/in.h presence
configure:16807: gcc -E  conftest.c
configure:16807: $? = 0
configure:16807: result: yes
configure:16807: checking for netinet/in.h
configure:16807: result: yes
configure:16819: checking sys/un.h usability
configure:16819: gcc -c  -DLIBSSH2_DARWIN  conftest.c >&5
configure:16819: $? = 0
configure:16819: result: yes
configure:16819: checking sys/un.h presence
configure:16819: gcc -E  conftest.c
configure:16819: $? = 0
configure:16819: result: yes
configure:16819: checking for sys/un.h
configure:16819: result: yes
configure:16848: checking windows.h usability
configure:16848: gcc -c  -DLIBSSH2_DARWIN  conftest.c >&5
conftest.c:75:10: fatal error: 'windows.h' file not found
#include <windows.h>
         ^
1 error generated.
configure:16848: $? = 1
configure: failed program was:
| /* confdefs.h */
| #define PACKAGE_NAME "libssh2"
| #define PACKAGE_TARNAME "libssh2"
| #define PACKAGE_VERSION "-"
| #define PACKAGE_STRING "libssh2 -"
| #define PACKAGE_BUGREPORT "libssh2-devel@cool.haxx.se"
| #define PACKAGE_URL ""
| #define PACKAGE "libssh2"
| #define VERSION "-"
| #define STDC_HEADERS 1
| #define HAVE_SYS_TYPES_H 1
| #define HAVE_SYS_STAT_H 1
| #define HAVE_STDLIB_H 1
| #define HAVE_STRING_H 1
| #define HAVE_MEMORY_H 1
| #define HAVE_STRINGS_H 1
| #define HAVE_INTTYPES_H 1
| #define HAVE_STDINT_H 1
| #define HAVE_UNISTD_H 1
| #define HAVE_LONGLONG 1
| #define HAVE_DLFCN_H 1
| #define LT_OBJDIR ".libs/"
| #define HAVE_LIBSSL 1
| #define LIBSSH2_OPENSSL 1
| #define HAVE_LIBZ 1
| #define LIBSSH2_HAVE_ZLIB 1
| #define LIBSSH2_DH_GEX_NEW 1
| #define HAVE_ERRNO_H 1
| #define HAVE_FCNTL_H 1
| #define HAVE_STDIO_H 1
| #define HAVE_STDLIB_H 1
| #define HAVE_UNISTD_H 1
| #define HAVE_SYS_UIO_H 1
| #define HAVE_SYS_SELECT_H 1
| #define HAVE_SYS_SOCKET_H 1
| #define HAVE_SYS_IOCTL_H 1
| #define HAVE_SYS_TIME_H 1
| #define HAVE_ARPA_INET_H 1
| #define HAVE_NETINET_IN_H 1
| #define HAVE_SYS_UN_H 1
| /* end confdefs.h.  */
| #include <stdio.h>
| #ifdef HAVE_SYS_TYPES_H
| # include <sys/types.h>
| #endif
| #ifdef HAVE_SYS_STAT_H
| # include <sys/stat.h>
| #endif
| #ifdef STDC_HEADERS
| # include <stdlib.h>
| # include <stddef.h>
| #else
| # ifdef HAVE_STDLIB_H
| #  include <stdlib.h>
| # endif
| #endif
| #ifdef HAVE_STRING_H
| # if !defined STDC_HEADERS && defined HAVE_MEMORY_H
| #  include <memory.h>
| # endif
| # include <string.h>
| #endif
| #ifdef HAVE_STRINGS_H
| # include <strings.h>
| #endif
| #ifdef HAVE_INTTYPES_H
| # include <inttypes.h>
| #endif
| #ifdef HAVE_STDINT_H
| # include <stdint.h>
| #endif
| #ifdef HAVE_UNISTD_H
| # include <unistd.h>
| #endif
| #include <windows.h>
configure:16848: result: no
configure:16848: checking windows.h presence
configure:16848: gcc -E  conftest.c
conftest.c:42:10: fatal error: 'windows.h' file not found
#include <windows.h>
         ^
1 error generated.
configure:16848: $? = 1
configure: failed program was:
| /* confdefs.h */
| #define PACKAGE_NAME "libssh2"
| #define PACKAGE_TARNAME "libssh2"
| #define PACKAGE_VERSION "-"
| #define PACKAGE_STRING "libssh2 -"
| #define PACKAGE_BUGREPORT "libssh2-devel@cool.haxx.se"
| #define PACKAGE_URL ""
| #define PACKAGE "libssh2"
| #define VERSION "-"
| #define STDC_HEADERS 1
| #define HAVE_SYS_TYPES_H 1
| #define HAVE_SYS_STAT_H 1
| #define HAVE_STDLIB_H 1
| #define HAVE_STRING_H 1
| #define HAVE_MEMORY_H 1
| #define HAVE_STRINGS_H 1
| #define HAVE_INTTYPES_H 1
| #define HAVE_STDINT_H 1
| #define HAVE_UNISTD_H 1
| #define HAVE_LONGLONG 1
| #define HAVE_DLFCN_H 1
| #define LT_OBJDIR ".libs/"
| #define HAVE_LIBSSL 1
| #define LIBSSH2_OPENSSL 1
| #define HAVE_LIBZ 1
| #define LIBSSH2_HAVE_ZLIB 1
| #define LIBSSH2_DH_GEX_NEW 1
| #define HAVE_ERRNO_H 1
| #define HAVE_FCNTL_H 1
| #define HAVE_STDIO_H 1
| #define HAVE_STDLIB_H 1
| #define HAVE_UNISTD_H 1
| #define HAVE_SYS_UIO_H 1
| #define HAVE_SYS_SELECT_H 1
| #define HAVE_SYS_SOCKET_H 1
| #define HAVE_SYS_IOCTL_H 1
| #define HAVE_SYS_TIME_H 1
| #define HAVE_ARPA_INET_H 1
| #define HAVE_NETINET_IN_H 1
| #define HAVE_SYS_UN_H 1
| /* end confdefs.h.  */
| #include <windows.h>
configure:16848: result: no
configure:16848: checking for windows.h
configure:16848: result: no
configure:16848: checking winsock2.h usability
configure:16848: gcc -c  -DLIBSSH2_DARWIN  conftest.c >&5
conftest.c:75:10: fatal error: 'winsock2.h' file not found
#include <winsock2.h>
         ^
1 error generated.
configure:16848: $? = 1
configure: failed program was:
| /* confdefs.h */
| #define PACKAGE_NAME "libssh2"
| #define PACKAGE_TARNAME "libssh2"
| #define PACKAGE_VERSION "-"
| #define PACKAGE_STRING "libssh2 -"
| #define PACKAGE_BUGREPORT "libssh2-devel@cool.haxx.se"
| #define PACKAGE_URL ""
| #define PACKAGE "libssh2"
| #define VERSION "-"
| #define STDC_HEADERS 1
| #define HAVE_SYS_TYPES_H 1
| #define HAVE_SYS_STAT_H 1
| #define HAVE_STDLIB_H 1
| #define HAVE_STRING_H 1
| #define HAVE_MEMORY_H 1
| #define HAVE_STRINGS_H 1
| #define HAVE_INTTYPES_H 1
| #define HAVE_STDINT_H 1
| #define HAVE_UNISTD_H 1
| #define HAVE_LONGLONG 1
| #define HAVE_DLFCN_H 1
| #define LT_OBJDIR ".libs/"
| #define HAVE_LIBSSL 1
| #define LIBSSH2_OPENSSL 1
| #define HAVE_LIBZ 1
| #define LIBSSH2_HAVE_ZLIB 1
| #define LIBSSH2_DH_GEX_NEW 1
| #define HAVE_ERRNO_H 1
| #define HAVE_FCNTL_H 1
| #define HAVE_STDIO_H 1
| #define HAVE_STDLIB_H 1
| #define HAVE_UNISTD_H 1
| #define HAVE_SYS_UIO_H 1
| #define HAVE_SYS_SELECT_H 1
| #define HAVE_SYS_SOCKET_H 1
| #define HAVE_SYS_IOCTL_H 1
| #define HAVE_SYS_TIME_H 1
| #define HAVE_ARPA_INET_H 1
| #define HAVE_NETINET_IN_H 1
| #define HAVE_SYS_UN_H 1
| /* end confdefs.h.  */
| #include <stdio.h>
| #ifdef HAVE_SYS_TYPES_H
| # include <sys/types.h>
| #endif
| #ifdef HAVE_SYS_STAT_H
| # include <sys/stat.h>
| #endif
| #ifdef STDC_HEADERS
| # include <stdlib.h>
| # include <stddef.h>
| #else
| # ifdef HAVE_STDLIB_H
| #  include <stdlib.h>
| # endif
| #endif
| #ifdef HAVE_STRING_H
| # if !defined STDC_HEADERS && defined HAVE_MEMORY_H
| #  include <memory.h>
| # endif
| # include <string.h>
| #endif
| #ifdef HAVE_STRINGS_H
| # include <strings.h>
| #endif
| #ifdef HAVE_INTTYPES_H
| # include <inttypes.h>
| #endif
| #ifdef HAVE_STDINT_H
| # include <stdint.h>
| #endif
| #ifdef HAVE_UNISTD_H
| # include <unistd.h>
| #endif
| #include <winsock2.h>
configure:16848: result: no
configure:16848: checking winsock2.h presence
configure:16848: gcc -E  conftest.c
conftest.c:42:10: fatal error: 'winsock2.h' file not found
#include <winsock2.h>
         ^
1 error generated.
configure:16848: $? = 1
configure: failed program was:
| /* confdefs.h */
| #define PACKAGE_NAME "libssh2"
| #define PACKAGE_TARNAME "libssh2"
| #define PACKAGE_VERSION "-"
| #define PACKAGE_STRING "libssh2 -"
| #define PACKAGE_BUGREPORT "libssh2-devel@cool.haxx.se"
| #define PACKAGE_URL ""
| #define PACKAGE "libssh2"
| #define VERSION "-"
| #define STDC_HEADERS 1
| #define HAVE_SYS_TYPES_H 1
| #define HAVE_SYS_STAT_H 1
| #define HAVE_STDLIB_H 1
| #define HAVE_STRING_H 1
| #define HAVE_MEMORY_H 1
| #define HAVE_STRINGS_H 1
| #define HAVE_INTTYPES_H 1
| #define HAVE_STDINT_H 1
| #define HAVE_UNISTD_H 1
| #define HAVE_LONGLONG 1
| #define HAVE_DLFCN_H 1
| #define LT_OBJDIR ".libs/"
| #define HAVE_LIBSSL 1
| #define LIBSSH2_OPENSSL 1
| #define HAVE_LIBZ 1
| #define LIBSSH2_HAVE_ZLIB 1
| #define LIBSSH2_DH_GEX_NEW 1
| #define HAVE_ERRNO_H 1
| #define HAVE_FCNTL_H 1
| #define HAVE_STDIO_H 1
| #define HAVE_STDLIB_H 1
| #define HAVE_UNISTD_H 1
| #define HAVE_SYS_UIO_H 1
| #define HAVE_SYS_SELECT_H 1
| #define HAVE_SYS_SOCKET_H 1
| #define HAVE_SYS_IOCTL_H 1
| #define HAVE_SYS_TIME_H 1
| #define HAVE_ARPA_INET_H 1
| #define HAVE_NETINET_IN_H 1
| #define HAVE_SYS_UN_H 1
| /* end confdefs.h.  */
| #include <winsock2.h>
configure:16848: result: no
configure:16848: checking for winsock2.h
configure:16848: result: no
configure:16848: checking ws2tcpip.h usability
configure:16848: gcc -c  -DLIBSSH2_DARWIN  conftest.c >&5
conftest.c:75:10: fatal error: 'ws2tcpip.h' file not found
#include <ws2tcpip.h>
         ^
1 error generated.
configure:16848: $? = 1
configure: failed program was:
| /* confdefs.h */
| #define PACKAGE_NAME "libssh2"
| #define PACKAGE_TARNAME "libssh2"
| #define PACKAGE_VERSION "-"
| #define PACKAGE_STRING "libssh2 -"
| #define PACKAGE_BUGREPORT "libssh2-devel@cool.haxx.se"
| #define PACKAGE_URL ""
| #define PACKAGE "libssh2"
| #define VERSION "-"
| #define STDC_HEADERS 1
| #define HAVE_SYS_TYPES_H 1
| #define HAVE_SYS_STAT_H 1
| #define HAVE_STDLIB_H 1
| #define HAVE_STRING_H 1
| #define HAVE_MEMORY_H 1
| #define HAVE_STRINGS_H 1
| #define HAVE_INTTYPES_H 1
| #define HAVE_STDINT_H 1
| #define HAVE_UNISTD_H 1
| #define HAVE_LONGLONG 1
| #define HAVE_DLFCN_H 1
| #define LT_OBJDIR ".libs/"
| #define HAVE_LIBSSL 1
| #define LIBSSH2_OPENSSL 1
| #define HAVE_LIBZ 1
| #define LIBSSH2_HAVE_ZLIB 1
| #define LIBSSH2_DH_GEX_NEW 1
| #define HAVE_ERRNO_H 1
| #define HAVE_FCNTL_H 1
| #define HAVE_STDIO_H 1
| #define HAVE_STDLIB_H 1
| #define HAVE_UNISTD_H 1
| #define HAVE_SYS_UIO_H 1
| #define HAVE_SYS_SELECT_H 1
| #define HAVE_SYS_SOCKET_H 1
| #define HAVE_SYS_IOCTL_H 1
| #define HAVE_SYS_TIME_H 1
| #define HAVE_ARPA_INET_H 1
| #define HAVE_NETINET_IN_H 1
| #define HAVE_SYS_UN_H 1
| /* end confdefs.h.  */
| #include <stdio.h>
| #ifdef HAVE_SYS_TYPES_H
| # include <sys/types.h>
| #endif
| #ifdef HAVE_SYS_STAT_H
| # include <sys/stat.h>
| #endif
| #ifdef STDC_HEADERS
| # include <stdlib.h>
| # include <stddef.h>
| #else
| # ifdef HAVE_STDLIB_H
| #  include <stdlib.h>
| # endif
| #endif
| #ifdef HAVE_STRING_H
| # if !defined STDC_HEADERS && defined HAVE_MEMORY_H
| #  include <memory.h>
| # endif
| # include <string.h>
| #endif
| #ifdef HAVE_STRINGS_H
| # include <strings.h>
| #endif
| #ifdef HAVE_INTTYPES_H
| # include <inttypes.h>
| #endif
| #ifdef HAVE_STDINT_H
| # include <stdint.h>
| #endif
| #ifdef HAVE_UNISTD_H
| # include <unistd.h>
| #endif
| #include <ws2tcpip.h>
configure:16848: result: no
configure:16848: checking ws2tcpip.h presence
configure:16848: gcc -E  conftest.c
conftest.c:42:10: fatal error: 'ws2tcpip.h' file not found
#include <ws2tcpip.h>
         ^
1 error generated.
configure:16848: $? = 1
configure: failed program was:
| /* confdefs.h */
| #define PACKAGE_NAME "libssh2"
| #define PACKAGE_TARNAME "libssh2"
| #define PACKAGE_VERSION "-"
| #define PACKAGE_STRING "libssh2 -"
| #define PACKAGE_BUGREPORT "libssh2-devel@cool.haxx.se"
| #define PACKAGE_URL ""
| #define PACKAGE "libssh2"
| #define VERSION "-"
| #define STDC_HEADERS 1
| #define HAVE_SYS_TYPES_H 1
| #define HAVE_SYS_STAT_H 1
| #define HAVE_STDLIB_H 1
| #define HAVE_STRING_H 1
| #define HAVE_MEMORY_H 1
| #define HAVE_STRINGS_H 1
| #define HAVE_INTTYPES_H 1
| #define HAVE_STDINT_H 1
| #define HAVE_UNISTD_H 1
| #define HAVE_LONGLONG 1
| #define HAVE_DLFCN_H 1
| #define LT_OBJDIR ".libs/"
| #define HAVE_LIBSSL 1
| #define LIBSSH2_OPENSSL 1
| #define HAVE_LIBZ 1
| #define LIBSSH2_HAVE_ZLIB 1
| #define LIBSSH2_DH_GEX_NEW 1
| #define HAVE_ERRNO_H 1
| #define HAVE_FCNTL_H 1
| #define HAVE_STDIO_H 1
| #define HAVE_STDLIB_H 1
| #define HAVE_UNISTD_H 1
| #define HAVE_SYS_UIO_H 1
| #define HAVE_SYS_SELECT_H 1
| #define HAVE_SYS_SOCKET_H 1
| #define HAVE_SYS_IOCTL_H 1
| #define HAVE_SYS_TIME_H 1
| #define HAVE_ARPA_INET_H 1
| #define HAVE_NETINET_IN_H 1
| #define HAVE_SYS_UN_H 1
| /* end confdefs.h.  */
| #include <ws2tcpip.h>
configure:16848: result: no
configure:16848: checking for ws2tcpip.h
configure:16848: result: no
configure:16863: poll use is disabled on this platform
configure:16884: checking for gettimeofday
configure:16884: gcc -o conftest  -DLIBSSH2_DARWIN   conftest.c  >&5
configure:16884: $? = 0
configure:16884: result: yes
configure:16884: checking for select
configure:16884: gcc -o conftest  -DLIBSSH2_DARWIN   conftest.c  >&5
configure:16884: $? = 0
configure:16884: result: yes
configure:16884: checking for strtoll
configure:16884: gcc -o conftest  -DLIBSSH2_DARWIN   conftest.c  >&5
configure:16884: $? = 0
configure:16884: result: yes
configure:16938: checking for size_t
configure:16938: gcc -c  -DLIBSSH2_DARWIN  conftest.c >&5
configure:16938: $? = 0
configure:16938: gcc -c  -DLIBSSH2_DARWIN  conftest.c >&5
conftest.c:81:21: error: expected expression
if (sizeof ((size_t)))
                    ^
1 error generated.
configure:16938: $? = 1
configure: failed program was:
| /* confdefs.h */
| #define PACKAGE_NAME "libssh2"
| #define PACKAGE_TARNAME "libssh2"
| #define PACKAGE_VERSION "-"
| #define PACKAGE_STRING "libssh2 -"
| #define PACKAGE_BUGREPORT "libssh2-devel@cool.haxx.se"
| #define PACKAGE_URL ""
| #define PACKAGE "libssh2"
| #define VERSION "-"
| #define STDC_HEADERS 1
| #define HAVE_SYS_TYPES_H 1
| #define HAVE_SYS_STAT_H 1
| #define HAVE_STDLIB_H 1
| #define HAVE_STRING_H 1
| #define HAVE_MEMORY_H 1
| #define HAVE_STRINGS_H 1
| #define HAVE_INTTYPES_H 1
| #define HAVE_STDINT_H 1
| #define HAVE_UNISTD_H 1
| #define HAVE_LONGLONG 1
| #define HAVE_DLFCN_H 1
| #define LT_OBJDIR ".libs/"
| #define HAVE_LIBSSL 1
| #define LIBSSH2_OPENSSL 1
| #define HAVE_LIBZ 1
| #define LIBSSH2_HAVE_ZLIB 1
| #define LIBSSH2_DH_GEX_NEW 1
| #define HAVE_ERRNO_H 1
| #define HAVE_FCNTL_H 1
| #define HAVE_STDIO_H 1
| #define HAVE_STDLIB_H 1
| #define HAVE_UNISTD_H 1
| #define HAVE_SYS_UIO_H 1
| #define HAVE_SYS_SELECT_H 1
| #define HAVE_SYS_SOCKET_H 1
| #define HAVE_SYS_IOCTL_H 1
| #define HAVE_SYS_TIME_H 1
| #define HAVE_ARPA_INET_H 1
| #define HAVE_NETINET_IN_H 1
| #define HAVE_SYS_UN_H 1
| #define HAVE_GETTIMEOFDAY 1
| #define HAVE_SELECT 1
| #define HAVE_STRTOLL 1
| /* end confdefs.h.  */
| #include <stdio.h>
| #ifdef HAVE_SYS_TYPES_H
| # include <sys/types.h>
| #endif
| #ifdef HAVE_SYS_STAT_H
| # include <sys/stat.h>
| #endif
| #ifdef STDC_HEADERS
| # include <stdlib.h>
| # include <stddef.h>
| #else
| # ifdef HAVE_STDLIB_H
| #  include <stdlib.h>
| # endif
| #endif
| #ifdef HAVE_STRING_H
| # if !defined STDC_HEADERS && defined HAVE_MEMORY_H
| #  include <memory.h>
| # endif
| # include <string.h>
| #endif
| #ifdef HAVE_STRINGS_H
| # include <strings.h>
| #endif
| #ifdef HAVE_INTTYPES_H
| # include <inttypes.h>
| #endif
| #ifdef HAVE_STDINT_H
| # include <stdint.h>
| #endif
| #ifdef HAVE_UNISTD_H
| # include <unistd.h>
| #endif
| int
| main ()
| {
| if (sizeof ((size_t)))
| 	    return 0;
|   ;
|   return 0;
| }
configure:16938: result: yes
configure:16951: checking for working alloca.h
configure:16968: gcc -o conftest  -DLIBSSH2_DARWIN   conftest.c  >&5
configure:16968: $? = 0
configure:16976: result: yes
configure:16984: checking for alloca
configure:17021: gcc -o conftest  -DLIBSSH2_DARWIN   conftest.c  >&5
configure:17021: $? = 0
configure:17029: result: yes
configure:17137: checking for an ANSI C-conforming const
configure:17203: gcc -c  -DLIBSSH2_DARWIN  conftest.c >&5
configure:17203: $? = 0
configure:17210: result: yes
configure:17218: checking for inline
configure:17234: gcc -c  -DLIBSSH2_DARWIN  conftest.c >&5
configure:17234: $? = 0
configure:17242: result: inline
configure:17262: checking non-blocking sockets style
configure:17300: gcc -c  -DLIBSSH2_DARWIN  conftest.c >&5
configure:17300: $? = 0
configure:17461: result: O_NONBLOCK
configure:17585: checking that generated files are newer than configure
configure:17591: result: done
configure:17643: creating ./config.status

## ---------------------- ##
## Running config.status. ##
## ---------------------- ##

This file was extended by libssh2 config.status -, which was
generated by GNU Autoconf 2.69.  Invocation command line was

  CONFIG_FILES    = 
  CONFIG_HEADERS  = 
  CONFIG_LINKS    = 
  CONFIG_COMMANDS = 
  $ ./config.status 

on Anastasias-MacBook-Pro-2.local

config.status:1149: creating Makefile
config.status:1149: creating src/Makefile
config.status:1149: creating tests/Makefile
config.status:1149: creating example/Makefile
config.status:1149: creating docs/Makefile
config.status:1149: creating libssh2.pc
config.status:1149: creating src/libssh2_config.h
config.status:1330: src/libssh2_config.h is unchanged
config.status:1149: creating example/libssh2_config.h
config.status:1330: example/libssh2_config.h is unchanged
config.status:1378: executing depfiles commands
config.status:1378: executing libtool commands
configure:19893: summary of build options:

  version:          1.6.0
  Host type:        x86_64-apple-darwin14.4.0
  Install prefix:   /usr/local
  Compiler:         gcc
  Compiler flags:    -DLIBSSH2_DARWIN
  Library types:    Shared=no, Static=yes
  Crypto library:   OpenSSL (AES-CTR: no)
  Clear memory:     unsupported
  Debug build:      no
  Build examples:   no
  Path to sshd:     /usr/sbin/sshd (only for self-tests)
  zlib compression: yes


## ---------------- ##
## Cache variables. ##
## ---------------- ##

ac_cv_build=x86_64-apple-darwin14.4.0
ac_cv_c_bigendian=no
ac_cv_c_compiler_gnu=yes
ac_cv_c_const=yes
ac_cv_c_inline=inline
ac_cv_env_CC_set=
ac_cv_env_CC_value=
ac_cv_env_CFLAGS_set=
ac_cv_env_CFLAGS_value=
ac_cv_env_CPPFLAGS_set=
ac_cv_env_CPPFLAGS_value=
ac_cv_env_CPP_set=
ac_cv_env_CPP_value=
ac_cv_env_LDFLAGS_set=
ac_cv_env_LDFLAGS_value=
ac_cv_env_LIBS_set=
ac_cv_env_LIBS_value=
ac_cv_env_build_alias_set=
ac_cv_env_build_alias_value=
ac_cv_env_host_alias_set=
ac_cv_env_host_alias_value=
ac_cv_env_target_alias_set=
ac_cv_env_target_alias_value=
ac_cv_func_EVP_aes_128_ctr=no
ac_cv_func_alloca_works=yes
ac_cv_func_gettimeofday=yes
ac_cv_func_select=yes
ac_cv_func_strtoll=yes
ac_cv_header_arpa_inet_h=yes
ac_cv_header_dlfcn_h=yes
ac_cv_header_errno_h=yes
ac_cv_header_fcntl_h=yes
ac_cv_header_inttypes_h=yes
ac_cv_header_memory_h=yes
ac_cv_header_netinet_in_h=yes
ac_cv_header_stdc=yes
ac_cv_header_stdint_h=yes
ac_cv_header_stdio_h=yes
ac_cv_header_stdlib_h=yes
ac_cv_header_string_h=yes
ac_cv_header_strings_h=yes
ac_cv_header_sys_ioctl_h=yes
ac_cv_header_sys_select_h=yes
ac_cv_header_sys_socket_h=yes
ac_cv_header_sys_stat_h=yes
ac_cv_header_sys_time_h=yes
ac_cv_header_sys_types_h=yes
ac_cv_header_sys_uio_h=yes
ac_cv_header_sys_un_h=yes
ac_cv_header_unistd_h=yes
ac_cv_header_windows_h=no
ac_cv_header_winsock2_h=no
ac_cv_header_ws2tcpip_h=no
ac_cv_host=x86_64-apple-darwin14.4.0
ac_cv_libssl=yes
ac_cv_libz=yes
ac_cv_objext=o
ac_cv_path_EGREP='/usr/bin/grep -E'
ac_cv_path_FGREP='/usr/bin/grep -F'
ac_cv_path_GREP=/usr/bin/grep
ac_cv_path_SED=/usr/bin/sed
ac_cv_path_SSHD=/usr/sbin/sshd
ac_cv_path_install='/usr/bin/install -c'
ac_cv_prog_AWK=awk
ac_cv_prog_CPP='gcc -E'
ac_cv_prog_ac_ct_AR=ar
ac_cv_prog_ac_ct_CC=gcc
ac_cv_prog_ac_ct_DLLTOOL=dlltool
ac_cv_prog_ac_ct_DSYMUTIL=dsymutil
ac_cv_prog_ac_ct_LIPO=lipo
ac_cv_prog_ac_ct_NMEDIT=nmedit
ac_cv_prog_ac_ct_OBJDUMP=objdump
ac_cv_prog_ac_ct_OTOOL=otool
ac_cv_prog_ac_ct_RANLIB=ranlib
ac_cv_prog_ac_ct_STRIP=strip
ac_cv_prog_cc_c89=
ac_cv_prog_cc_g=yes
ac_cv_prog_make_make_set=yes
ac_cv_search_inet_addr='none required'
ac_cv_search_socket='none required'
ac_cv_sys_file_offset_bits=no
ac_cv_sys_largefile_CC=no
ac_cv_type_long_long=yes
ac_cv_type_size_t=yes
ac_cv_working_alloca_h=yes
acl_cv_hardcode_direct=no
acl_cv_hardcode_libdir_flag_spec=
acl_cv_hardcode_libdir_separator=
acl_cv_hardcode_minus_L=no
acl_cv_libext=a
acl_cv_libname_spec='lib$name'
acl_cv_library_names_spec='$libname$shrext'
acl_cv_path_LD=/Library/Developer/CommandLineTools/usr/bin/ld
acl_cv_prog_gnu_ld=no
acl_cv_rpath=done
acl_cv_shlibext=dylib
acl_cv_wl=-Wl,
am_cv_CC_dependencies_compiler_type=gcc3
am_cv_make_support_nested_variables=yes
am_cv_prog_cc_c_o=yes
lt_cv_apple_cc_single_mod=yes
lt_cv_ar_at_file=no
lt_cv_deplibs_check_method=pass_all
lt_cv_file_magic_cmd='$MAGIC_CMD'
lt_cv_file_magic_test_file=
lt_cv_ld_exported_symbols_list=yes
lt_cv_ld_force_load=yes
lt_cv_ld_reload_flag=-r
lt_cv_nm_interface='BSD nm'
lt_cv_objdir=.libs
lt_cv_path_LD=/Library/Developer/CommandLineTools/usr/bin/ld
lt_cv_path_NM=/usr/bin/nm
lt_cv_path_mainfest_tool=no
lt_cv_prog_compiler_c_o=yes
lt_cv_prog_compiler_pic='-fno-common -DPIC'
lt_cv_prog_compiler_pic_works=yes
lt_cv_prog_compiler_rtti_exceptions=yes
lt_cv_prog_compiler_static_works=no
lt_cv_prog_gnu_ld=no
lt_cv_sharedlib_from_linklib_cmd='printf %s\n'
lt_cv_sys_global_symbol_pipe='sed -n -e '\''s/^.*[	 ]\([BCDEGRST][BCDEGRST]*\)[	 ][	 ]*_\([_A-Za-z][_A-Za-z0-9]*\)$/\1 _\2 \2/p'\'' | sed '\''/ __gnu_lto/d'\'''
lt_cv_sys_global_symbol_to_c_name_address='sed -n -e '\''s/^: \([^ ]*\)[ ]*$/  {\"\1\", (void *) 0},/p'\'' -e '\''s/^[BCDEGRST]* \([^ ]*\) \([^ ]*\)$/  {"\2", (void *) \&\2},/p'\'''
lt_cv_sys_global_symbol_to_c_name_address_lib_prefix='sed -n -e '\''s/^: \([^ ]*\)[ ]*$/  {\"\1\", (void *) 0},/p'\'' -e '\''s/^[BCDEGRST]* \([^ ]*\) \(lib[^ ]*\)$/  {"\2", (void *) \&\2},/p'\'' -e '\''s/^[BCDEGRST]* \([^ ]*\) \([^ ]*\)$/  {"lib\2", (void *) \&\2},/p'\'''
lt_cv_sys_global_symbol_to_cdecl='sed -n -e '\''s/^T .* \(.*\)$/extern int \1();/p'\'' -e '\''s/^[BCDEGRST]* .* \(.*\)$/extern char \1;/p'\'''
lt_cv_sys_max_cmd_len=196608
lt_cv_to_host_file_cmd=func_convert_file_noop
lt_cv_to_tool_file_cmd=func_convert_file_noop

## ----------------- ##
## Output variables. ##
## ----------------- ##

ACLOCAL='aclocal-1.14'
ALLOCA=''
AMDEPBACKSLASH='\'
AMDEP_FALSE='#'
AMDEP_TRUE=''
AMTAR='$${TAR-tar}'
AM_BACKSLASH='\'
AM_DEFAULT_V='$(AM_DEFAULT_VERBOSITY)'
AM_DEFAULT_VERBOSITY='1'
AM_V='$(V)'
AR='ar'
AS='as'
AUTOCONF='autoconf'
AUTOHEADER='autoheader'
AUTOMAKE='automake-1.14'
AWK='awk'
BUILD_EXAMPLES_FALSE=''
BUILD_EXAMPLES_TRUE='#'
CC='gcc'
CCDEPMODE='depmode=gcc3'
CFLAGS=' -DLIBSSH2_DARWIN'
CPP='gcc -E'
CPPFLAGS=''
CYGPATH_W='echo'
DEFS='-DHAVE_CONFIG_H'
DEPDIR='.deps'
DLLTOOL='dlltool'
DSYMUTIL='dsymutil'
DUMPBIN=''
ECHO_C=''
ECHO_N='-n'
ECHO_T=''
EGREP='/usr/bin/grep -E'
EXEEXT=''
FGREP='/usr/bin/grep -F'
GREP='/usr/bin/grep'
HAVE_LIBBCRYPT=''
HAVE_LIBCRYPT32=''
HAVE_LIBGCRYPT=''
HAVE_LIBSSL='yes'
HAVE_LIBZ='yes'
HAVE_SYS_UN_H_FALSE='#'
HAVE_SYS_UN_H_TRUE=''
INSTALL_DATA='${INSTALL} -m 644'
INSTALL_PROGRAM='${INSTALL}'
INSTALL_SCRIPT='${INSTALL}'
INSTALL_STRIP_PROGRAM='$(install_sh) -c -s'
LD='/Library/Developer/CommandLineTools/usr/bin/ld'
LDFLAGS=''
LIBBCRYPT=''
LIBBCRYPT_PREFIX=''
LIBCRYPT32=''
LIBCRYPT32_PREFIX=''
LIBGCRYPT=''
LIBGCRYPT_FALSE=''
LIBGCRYPT_PREFIX=''
LIBGCRYPT_TRUE='#'
LIBOBJS=''
LIBS=''
LIBSREQUIRED='libssl,libcrypto,zlib'
LIBSSH2VER='1.6.0'
LIBSSL='-lssl -lcrypto'
LIBSSL_PREFIX=''
LIBTOOL='$(SHELL) $(top_builddir)/libtool'
LIBZ='-lz'
LIBZ_PREFIX=''
LIPO='lipo'
LN_S='ln -s'
LTLIBBCRYPT=''
LTLIBCRYPT32=''
LTLIBGCRYPT=''
LTLIBOBJS=''
LTLIBSSL='-lssl -lcrypto'
LTLIBZ='-lz'
MAINT='#'
MAINTAINER_MODE_FALSE=''
MAINTAINER_MODE_TRUE='#'
MAKEINFO='makeinfo'
MANIFEST_TOOL=':'
MKDIR_P='./install-sh -c -d'
NM='/usr/bin/nm'
NMEDIT='nmedit'
OBJDUMP='objdump'
OBJEXT='o'
OPENSSL_FALSE='#'
OPENSSL_TRUE=''
OTOOL64=':'
OTOOL='otool'
PACKAGE='libssh2'
PACKAGE_BUGREPORT='libssh2-devel@cool.haxx.se'
PACKAGE_NAME='libssh2'
PACKAGE_STRING='libssh2 -'
PACKAGE_TARNAME='libssh2'
PACKAGE_URL=''
PACKAGE_VERSION='-'
PATH_SEPARATOR=':'
RANLIB='ranlib'
SED='/usr/bin/sed'
SET_MAKE=''
SHELL='/bin/sh'
SSHD='/usr/sbin/sshd'
SSHD_FALSE='#'
SSHD_TRUE=''
STRIP='strip'
VERSION='-'
WINCNG_FALSE=''
WINCNG_TRUE='#'
ac_ct_AR='ar'
ac_ct_CC='gcc'
ac_ct_DUMPBIN=''
am__EXEEXT_FALSE=''
am__EXEEXT_TRUE='#'
am__fastdepCC_FALSE='#'
am__fastdepCC_TRUE=''
am__include='include'
am__isrc=''
am__leading_dot='.'
am__nodep='_no'
am__quote=''
am__tar='$${TAR-tar} chof - "$$tardir"'
am__untar='$${TAR-tar} xf -'
bindir='${exec_prefix}/bin'
build='x86_64-apple-darwin14.4.0'
build_alias=''
build_cpu='x86_64'
build_os='darwin14.4.0'
build_vendor='apple'
datadir='${datarootdir}'
datarootdir='${prefix}/share'
docdir='${datarootdir}/doc/${PACKAGE_TARNAME}'
dvidir='${docdir}'
exec_prefix='${prefix}'
host='x86_64-apple-darwin14.4.0'
host_alias=''
host_cpu='x86_64'
host_os='darwin14.4.0'
host_vendor='apple'
htmldir='${docdir}'
includedir='${prefix}/include'
infodir='${datarootdir}/info'
install_sh='${SHELL} '\''/Users/vadimyusanenko/Documents/workspace/Threaded Remote Manager/libraries/libssh2-1.6.0/install-sh'\'''
libdir='${exec_prefix}/lib'
libexecdir='${exec_prefix}/libexec'
localedir='${datarootdir}/locale'
localstatedir='${prefix}/var'
mandir='${datarootdir}/man'
mkdir_p='$(MKDIR_P)'
oldincludedir='/usr/include'
pdfdir='${docdir}'
prefix='/usr/local'
program_transform_name='s,x,x,'
psdir='${docdir}'
sbindir='${exec_prefix}/sbin'
sharedstatedir='${prefix}/com'
sysconfdir='${prefix}/etc'
target_alias=''

## ----------- ##
## confdefs.h. ##
## ----------- ##

/* confdefs.h */
#define PACKAGE_NAME "libssh2"
#define PACKAGE_TARNAME "libssh2"
#define PACKAGE_VERSION "-"
#define PACKAGE_STRING "libssh2 -"
#define PACKAGE_BUGREPORT "libssh2-devel@cool.haxx.se"
#define PACKAGE_URL ""
#define PACKAGE "libssh2"
#define VERSION "-"
#define STDC_HEADERS 1
#define HAVE_SYS_TYPES_H 1
#define HAVE_SYS_STAT_H 1
#define HAVE_STDLIB_H 1
#define HAVE_STRING_H 1
#define HAVE_MEMORY_H 1
#define HAVE_STRINGS_H 1
#define HAVE_INTTYPES_H 1
#define HAVE_STDINT_H 1
#define HAVE_UNISTD_H 1
#define HAVE_LONGLONG 1
#define HAVE_DLFCN_H 1
#define LT_OBJDIR ".libs/"
#define HAVE_LIBSSL 1
#define LIBSSH2_OPENSSL 1
#define HAVE_LIBZ 1
#define LIBSSH2_HAVE_ZLIB 1
#define LIBSSH2_DH_GEX_NEW 1
#define HAVE_ERRNO_H 1
#define HAVE_FCNTL_H 1
#define HAVE_STDIO_H 1
#define HAVE_STDLIB_H 1
#define HAVE_UNISTD_H 1
#define HAVE_SYS_UIO_H 1
#define HAVE_SYS_SELECT_H 1
#define HAVE_SYS_SOCKET_H 1
#define HAVE_SYS_IOCTL_H 1
#define HAVE_SYS_TIME_H 1
#define HAVE_ARPA_INET_H 1
#define HAVE_NETINET_IN_H 1
#define HAVE_SYS_UN_H 1
#define HAVE_GETTIMEOFDAY 1
#define HAVE_SELECT 1
#define HAVE_STRTOLL 1
#define HAVE_ALLOCA_H 1
#define HAVE_ALLOCA 1
#define HAVE_O_NONBLOCK 1

configure: exit 0
