This file contains any messages produced by compilers while
running configure, to aid debugging if configure makes a mistake.

It was created by libssh2 configure -, which was
generated by GNU Autoconf 2.69.  Invocation command line was

  $ configure --enable-shared=no --disable-examples-build --with-libssl-prefix=/Users/vadimyusanenko/Documents/workspace/RemoteSSHManager/libraries/openssl-1.1.0c/usr/local/openssl_install

## --------- ##
## Platform. ##
## --------- ##

hostname = MacBook-Pro-2.local
uname -m = x86_64
uname -r = 16.1.0
uname -s = Darwin
uname -v = Darwin Kernel Version 16.1.0: Thu Oct 13 21:26:57 PDT 2016; root:xnu-3789.21.3~60/RELEASE_X86_64

/usr/bin/uname -p = i386
/bin/uname -X     = unknown

/bin/arch              = unknown
/usr/bin/arch -k       = unknown
/usr/convex/getsysinfo = unknown
/usr/bin/hostinfo      = Mach kernel version:
	 Darwin Kernel Version 16.1.0: Thu Oct 13 21:26:57 PDT 2016; root:xnu-3789.21.3~60/RELEASE_X86_64
Kernel configured for up to 8 processors.
4 processors are physically available.
8 processors are logically available.
Processor type: x86_64h (Intel x86-64h Haswell)
Processors active: 0 1 2 3 4 5 6 7
Primary memory available: 16.00 gigabytes
Default processor set: 339 tasks, 1833 threads, 8 processors
Load average: 2.92, Mach factor: 5.07
/bin/machine           = unknown
/usr/bin/oslevel       = unknown
/bin/universe          = unknown

PATH: /Users/vadimyusanenko/MOJO/bin
PATH: /Applications/Postgres.app/Contents/Versions/9.4/bin
PATH: /Library/Frameworks/Python.framework/Versions/2.7/bin
PATH: /Library/Frameworks/Python.framework/Versions/2.7/bin
PATH: /Library/Frameworks/Python.framework/Versions/2.7/bin
PATH: /Library/Frameworks/Python.framework/Versions/2.7/bin
PATH: /usr/local/bin
PATH: /usr/bin
PATH: /bin
PATH: /usr/sbin
PATH: /sbin
PATH: /usr/local/git/bin


## ----------- ##
## Core tests. ##
## ----------- ##

configure:2435: checking whether to enable maintainer-specific portions of Makefiles
configure:2444: result: no
configure:2468: checking whether make supports nested variables
configure:2485: result: yes
configure:2499: checking for sed
configure:2518: found /usr/bin/sed
configure:2531: result: /usr/bin/sed
configure:2592: checking for a BSD-compatible install
configure:2660: result: /usr/bin/install -c
configure:2671: checking whether build environment is sane
configure:2726: result: yes
configure:2877: checking for a thread-safe mkdir -p
configure:2916: result: ./install-sh -c -d
configure:2923: checking for gawk
configure:2953: result: no
configure:2923: checking for mawk
configure:2953: result: no
configure:2923: checking for nawk
configure:2953: result: no
configure:2923: checking for awk
configure:2939: found /usr/bin/awk
configure:2950: result: awk
configure:2961: checking whether make sets $(MAKE)
configure:2983: result: yes
configure:3116: checking libssh2 version
configure:3118: result: 1.8.0
configure:3129: checking build system type
configure:3143: result: x86_64-apple-darwin16.1.0
configure:3163: checking host system type
configure:3176: result: x86_64-apple-darwin16.1.0
configure:3203: autobuild project... libssh2
configure:3209: autobuild revision... 1.8.0
configure:3214: autobuild hostname... MacBook-Pro-2.local
configure:3225: autobuild timestamp... 20161126-214249
configure:3266: checking for style of include used by make
configure:3294: result: GNU
configure:3365: checking for gcc
configure:3381: found /usr/bin/gcc
configure:3392: result: gcc
configure:3621: checking for C compiler version
configure:3630: gcc --version >&5
Apple LLVM version 8.0.0 (clang-800.0.42.1)
Target: x86_64-apple-darwin16.1.0
Thread model: posix
InstalledDir: /Library/Developer/CommandLineTools/usr/bin
Configured with: --prefix=/Library/Developer/CommandLineTools/usr --with-gxx-include-dir=/usr/include/c++/4.2.1
configure:3641: $? = 0
configure:3630: gcc -v >&5
Configured with: --prefix=/Library/Developer/CommandLineTools/usr --with-gxx-include-dir=/usr/include/c++/4.2.1
Apple LLVM version 8.0.0 (clang-800.0.42.1)
Target: x86_64-apple-darwin16.1.0
Thread model: posix
InstalledDir: /Library/Developer/CommandLineTools/usr/bin
configure:3641: $? = 0
configure:3630: gcc -V >&5
clang: error: argument to '-V' is missing (expected 1 value)
clang: error: no input files
configure:3641: $? = 1
configure:3630: gcc -qversion >&5
clang: error: unknown argument: '-qversion'
clang: error: no input files
configure:3641: $? = 1
configure:3661: checking whether the C compiler works
configure:3683: gcc  -DLIBSSH2_DARWIN   conftest.c  >&5
configure:3687: $? = 0
configure:3735: result: yes
configure:3738: checking for C compiler default output file name
configure:3740: result: a.out
configure:3746: checking for suffix of executables
configure:3753: gcc -o conftest  -DLIBSSH2_DARWIN   conftest.c  >&5
configure:3757: $? = 0
configure:3779: result: 
configure:3801: checking whether we are cross compiling
configure:3809: gcc -o conftest  -DLIBSSH2_DARWIN   conftest.c  >&5
configure:3813: $? = 0
configure:3820: ./conftest
configure:3824: $? = 0
configure:3839: result: no
configure:3844: checking for suffix of object files
configure:3866: gcc -c  -DLIBSSH2_DARWIN  conftest.c >&5
configure:3870: $? = 0
configure:3891: result: o
configure:3895: checking whether we are using the GNU C compiler
configure:3914: gcc -c  -DLIBSSH2_DARWIN  conftest.c >&5
configure:3914: $? = 0
configure:3923: result: yes
configure:3932: checking whether gcc accepts -g
configure:3952: gcc -c -g  conftest.c >&5
configure:3952: $? = 0
configure:3993: result: yes
configure:4010: checking for gcc option to accept ISO C89
configure:4073: gcc  -c  -DLIBSSH2_DARWIN  conftest.c >&5
configure:4073: $? = 0
configure:4086: result: none needed
configure:4111: checking whether gcc understands -c and -o together
configure:4133: gcc -c conftest.c -o conftest2.o
configure:4136: $? = 0
configure:4133: gcc -c conftest.c -o conftest2.o
configure:4136: $? = 0
configure:4148: result: yes
configure:4167: checking dependency style of gcc
configure:4278: result: gcc3
configure:4299: checking how to run the C preprocessor
configure:4330: gcc -E  conftest.c
configure:4330: $? = 0
configure:4344: gcc -E  conftest.c
conftest.c:11:10: fatal error: 'ac_nonexistent.h' file not found
#include <ac_nonexistent.h>
         ^
1 error generated.
configure:4344: $? = 1
configure: failed program was:
| /* confdefs.h */
| #define PACKAGE_NAME "libssh2"
| #define PACKAGE_TARNAME "libssh2"
| #define PACKAGE_VERSION "-"
| #define PACKAGE_STRING "libssh2 -"
| #define PACKAGE_BUGREPORT "libssh2-devel@cool.haxx.se"
| #define PACKAGE_URL ""
| #define PACKAGE "libssh2"
| #define VERSION "-"
| /* end confdefs.h.  */
| #include <ac_nonexistent.h>
configure:4369: result: gcc -E
configure:4389: gcc -E  conftest.c
configure:4389: $? = 0
configure:4403: gcc -E  conftest.c
conftest.c:11:10: fatal error: 'ac_nonexistent.h' file not found
#include <ac_nonexistent.h>
         ^
1 error generated.
configure:4403: $? = 1
configure: failed program was:
| /* confdefs.h */
| #define PACKAGE_NAME "libssh2"
| #define PACKAGE_TARNAME "libssh2"
| #define PACKAGE_VERSION "-"
| #define PACKAGE_STRING "libssh2 -"
| #define PACKAGE_BUGREPORT "libssh2-devel@cool.haxx.se"
| #define PACKAGE_URL ""
| #define PACKAGE "libssh2"
| #define VERSION "-"
| /* end confdefs.h.  */
| #include <ac_nonexistent.h>
configure:4432: checking for grep that handles long lines and -e
configure:4490: result: /usr/bin/grep
configure:4495: checking for egrep
configure:4557: result: /usr/bin/grep -E
configure:4562: checking for ANSI C header files
configure:4582: gcc -c  -DLIBSSH2_DARWIN  conftest.c >&5
configure:4582: $? = 0
configure:4655: gcc -o conftest  -DLIBSSH2_DARWIN   conftest.c  >&5
configure:4655: $? = 0
configure:4655: ./conftest
configure:4655: $? = 0
configure:4666: result: yes
configure:4679: checking for sys/types.h
configure:4679: gcc -c  -DLIBSSH2_DARWIN  conftest.c >&5
configure:4679: $? = 0
configure:4679: result: yes
configure:4679: checking for sys/stat.h
configure:4679: gcc -c  -DLIBSSH2_DARWIN  conftest.c >&5
configure:4679: $? = 0
configure:4679: result: yes
configure:4679: checking for stdlib.h
configure:4679: gcc -c  -DLIBSSH2_DARWIN  conftest.c >&5
configure:4679: $? = 0
configure:4679: result: yes
configure:4679: checking for string.h
configure:4679: gcc -c  -DLIBSSH2_DARWIN  conftest.c >&5
configure:4679: $? = 0
configure:4679: result: yes
configure:4679: checking for memory.h
configure:4679: gcc -c  -DLIBSSH2_DARWIN  conftest.c >&5
configure:4679: $? = 0
configure:4679: result: yes
configure:4679: checking for strings.h
configure:4679: gcc -c  -DLIBSSH2_DARWIN  conftest.c >&5
configure:4679: $? = 0
configure:4679: result: yes
configure:4679: checking for inttypes.h
configure:4679: gcc -c  -DLIBSSH2_DARWIN  conftest.c >&5
configure:4679: $? = 0
configure:4679: result: yes
configure:4679: checking for stdint.h
configure:4679: gcc -c  -DLIBSSH2_DARWIN  conftest.c >&5
configure:4679: $? = 0
configure:4679: result: yes
configure:4679: checking for unistd.h
configure:4679: gcc -c  -DLIBSSH2_DARWIN  conftest.c >&5
configure:4679: $? = 0
configure:4679: result: yes
configure:4691: checking for long long
configure:4691: gcc -c  -DLIBSSH2_DARWIN  conftest.c >&5
configure:4691: $? = 0
configure:4691: gcc -c  -DLIBSSH2_DARWIN  conftest.c >&5
conftest.c:57:24: error: expected expression
if (sizeof ((long long)))
                       ^
1 error generated.
configure:4691: $? = 1
configure: failed program was:
| /* confdefs.h */
| #define PACKAGE_NAME "libssh2"
| #define PACKAGE_TARNAME "libssh2"
| #define PACKAGE_VERSION "-"
| #define PACKAGE_STRING "libssh2 -"
| #define PACKAGE_BUGREPORT "libssh2-devel@cool.haxx.se"
| #define PACKAGE_URL ""
| #define PACKAGE "libssh2"
| #define VERSION "-"
| #define STDC_HEADERS 1
| #define HAVE_SYS_TYPES_H 1
| #define HAVE_SYS_STAT_H 1
| #define HAVE_STDLIB_H 1
| #define HAVE_STRING_H 1
| #define HAVE_MEMORY_H 1
| #define HAVE_STRINGS_H 1
| #define HAVE_INTTYPES_H 1
| #define HAVE_STDINT_H 1
| #define HAVE_UNISTD_H 1
| /* end confdefs.h.  */
| #include <stdio.h>
| #ifdef HAVE_SYS_TYPES_H
| # include <sys/types.h>
| #endif
| #ifdef HAVE_SYS_STAT_H
| # include <sys/stat.h>
| #endif
| #ifdef STDC_HEADERS
| # include <stdlib.h>
| # include <stddef.h>
| #else
| # ifdef HAVE_STDLIB_H
| #  include <stdlib.h>
| # endif
| #endif
| #ifdef HAVE_STRING_H
| # if !defined STDC_HEADERS && defined HAVE_MEMORY_H
| #  include <memory.h>
| # endif
| # include <string.h>
| #endif
| #ifdef HAVE_STRINGS_H
| # include <strings.h>
| #endif
| #ifdef HAVE_INTTYPES_H
| # include <inttypes.h>
| #endif
| #ifdef HAVE_STDINT_H
| # include <stdint.h>
| #endif
| #ifdef HAVE_UNISTD_H
| # include <unistd.h>
| #endif
| int
| main ()
| {
| if (sizeof ((long long)))
| 	    return 0;
|   ;
|   return 0;
| }
configure:4691: result: yes
configure:4703: checking if _REENTRANT is already defined
configure:4725: gcc -c  -DLIBSSH2_DARWIN  conftest.c >&5
conftest.c:32:7: error: use of undeclared identifier 'force'
      force compilation error
      ^
1 error generated.
configure:4725: $? = 1
configure: failed program was:
| /* confdefs.h */
| #define PACKAGE_NAME "libssh2"
| #define PACKAGE_TARNAME "libssh2"
| #define PACKAGE_VERSION "-"
| #define PACKAGE_STRING "libssh2 -"
| #define PACKAGE_BUGREPORT "libssh2-devel@cool.haxx.se"
| #define PACKAGE_URL ""
| #define PACKAGE "libssh2"
| #define VERSION "-"
| #define STDC_HEADERS 1
| #define HAVE_SYS_TYPES_H 1
| #define HAVE_SYS_STAT_H 1
| #define HAVE_STDLIB_H 1
| #define HAVE_STRING_H 1
| #define HAVE_MEMORY_H 1
| #define HAVE_STRINGS_H 1
| #define HAVE_INTTYPES_H 1
| #define HAVE_STDINT_H 1
| #define HAVE_UNISTD_H 1
| #define HAVE_LONGLONG 1
| /* end confdefs.h.  */
| 
| 
| 
| int
| main ()
| {
| 
| #ifdef _REENTRANT
|       int dummy=1;
| #else
|       force compilation error
| #endif
| 
|   ;
|   return 0;
| }
| 
configure:4733: result: no
configure:4741: checking if _REENTRANT is actually needed
configure:4758: result: no
configure:4763: checking if _REENTRANT is onwards defined
configure:4780: result: no
configure:4787: checking for library containing socket
configure:4818: gcc -o conftest  -DLIBSSH2_DARWIN   conftest.c  >&5
configure:4818: $? = 0
configure:4835: result: none required
configure:4845: checking for library containing inet_addr
configure:4876: gcc -o conftest  -DLIBSSH2_DARWIN   conftest.c  >&5
configure:4876: $? = 0
configure:4893: result: none required
configure:4952: checking for gcc
configure:4979: result: gcc
configure:5208: checking for C compiler version
configure:5217: gcc --version >&5
Apple LLVM version 8.0.0 (clang-800.0.42.1)
Target: x86_64-apple-darwin16.1.0
Thread model: posix
InstalledDir: /Library/Developer/CommandLineTools/usr/bin
Configured with: --prefix=/Library/Developer/CommandLineTools/usr --with-gxx-include-dir=/usr/include/c++/4.2.1
configure:5228: $? = 0
configure:5217: gcc -v >&5
Configured with: --prefix=/Library/Developer/CommandLineTools/usr --with-gxx-include-dir=/usr/include/c++/4.2.1
Apple LLVM version 8.0.0 (clang-800.0.42.1)
Target: x86_64-apple-darwin16.1.0
Thread model: posix
InstalledDir: /Library/Developer/CommandLineTools/usr/bin
configure:5228: $? = 0
configure:5217: gcc -V >&5
clang: error: argument to '-V' is missing (expected 1 value)
clang: error: no input files
configure:5228: $? = 1
configure:5217: gcc -qversion >&5
clang: error: unknown argument: '-qversion'
clang: error: no input files
configure:5228: $? = 1
configure:5232: checking whether we are using the GNU C compiler
configure:5260: result: yes
configure:5269: checking whether gcc accepts -g
configure:5330: result: yes
configure:5347: checking for gcc option to accept ISO C89
configure:5423: result: none needed
configure:5448: checking whether gcc understands -c and -o together
configure:5485: result: yes
configure:5504: checking dependency style of gcc
configure:5615: result: gcc3
configure:5631: checking whether ln -s works
configure:5635: result: yes
configure:5642: checking whether make sets $(MAKE)
configure:5664: result: yes
configure:5677: checking for sshd
configure:5695: found /usr/sbin/sshd
configure:5707: result: /usr/sbin/sshd
configure:6075: checking how to print strings
configure:6102: result: printf
configure:6123: checking for a sed that does not truncate output
configure:6187: result: /usr/bin/sed
configure:6205: checking for fgrep
configure:6267: result: /usr/bin/grep -F
configure:6302: checking for ld used by gcc
configure:6369: result: /Library/Developer/CommandLineTools/usr/bin/ld
configure:6376: checking if the linker (/Library/Developer/CommandLineTools/usr/bin/ld) is GNU ld
configure:6391: result: no
configure:6403: checking for BSD- or MS-compatible name lister (nm)
configure:6457: result: /usr/bin/nm -B
configure:6587: checking the name lister (/usr/bin/nm -B) interface
configure:6594: gcc -c  -DLIBSSH2_DARWIN  conftest.c >&5
configure:6597: /usr/bin/nm -B "conftest.o"
configure:6600: output
0000000000000000 S _some_variable
configure:6607: result: BSD nm
configure:6611: checking the maximum length of command line arguments
configure:6742: result: 196608
configure:6790: checking how to convert x86_64-apple-darwin16.1.0 file names to x86_64-apple-darwin16.1.0 format
configure:6830: result: func_convert_file_noop
configure:6837: checking how to convert x86_64-apple-darwin16.1.0 file names to toolchain format
configure:6857: result: func_convert_file_noop
configure:6864: checking for /Library/Developer/CommandLineTools/usr/bin/ld option to reload object files
configure:6871: result: -r
configure:6945: checking for objdump
configure:6972: result: objdump
configure:7001: checking how to recognize dependent libraries
configure:7201: result: pass_all
configure:7286: checking for dlltool
configure:7313: result: dlltool
configure:7343: checking how to associate runtime and link libraries
configure:7370: result: printf %s\n
configure:7430: checking for ar
configure:7446: found /usr/bin/ar
configure:7457: result: ar
configure:7494: checking for archiver @FILE support
configure:7511: gcc -c  -DLIBSSH2_DARWIN  conftest.c >&5
configure:7511: $? = 0
configure:7514: ar cru libconftest.a @conftest.lst >&5
ar: @conftest.lst: No such file or directory
configure:7517: $? = 1
configure:7537: result: no
configure:7595: checking for strip
configure:7611: found /usr/bin/strip
configure:7622: result: strip
configure:7694: checking for ranlib
configure:7710: found /usr/bin/ranlib
configure:7721: result: ranlib
configure:7823: checking command to parse /usr/bin/nm -B output from gcc object
configure:7976: gcc -c  -DLIBSSH2_DARWIN  conftest.c >&5
configure:7979: $? = 0
configure:7983: /usr/bin/nm -B conftest.o \| sed -n -e 's/^.*[ ]\([BCDEGRST][BCDEGRST]*\)[ ][ ]*\([_A-Za-z][_A-Za-z0-9]*\)$/\1 \2 \2/p' | sed '/ __gnu_lto/d' \> conftest.nm
configure:7986: $? = 0
cannot find nm_test_var in conftest.nm
configure:7976: gcc -c  -DLIBSSH2_DARWIN  conftest.c >&5
configure:7979: $? = 0
configure:7983: /usr/bin/nm -B conftest.o \| sed -n -e 's/^.*[ ]\([BCDEGRST][BCDEGRST]*\)[ ][ ]*_\([_A-Za-z][_A-Za-z0-9]*\)$/\1 _\2 \2/p' | sed '/ __gnu_lto/d' \> conftest.nm
configure:7986: $? = 0
configure:8052: gcc -o conftest  -DLIBSSH2_DARWIN   conftest.c conftstm.o >&5
configure:8055: $? = 0
configure:8093: result: ok
configure:8140: checking for sysroot
configure:8170: result: no
configure:8177: checking for a working dd
configure:8215: result: /bin/dd
configure:8219: checking how to truncate binary pipes
configure:8234: result: /bin/dd bs=4096 count=1
configure:8563: checking for mt
configure:8593: result: no
configure:8613: checking if : is a manifest tool
configure:8619: : '-?'
configure:8627: result: no
configure:8683: checking for dsymutil
configure:8699: found /usr/bin/dsymutil
configure:8710: result: dsymutil
configure:8775: checking for nmedit
configure:8791: found /usr/bin/nmedit
configure:8802: result: nmedit
configure:8867: checking for lipo
configure:8883: found /usr/bin/lipo
configure:8894: result: lipo
configure:8959: checking for otool
configure:8975: found /usr/bin/otool
configure:8986: result: otool
configure:9051: checking for otool64
configure:9081: result: no
configure:9126: checking for -single_module linker flag
gcc  -DLIBSSH2_DARWIN  -o libconftest.dylib -dynamiclib -Wl,-single_module conftest.c
configure:9159: result: yes
configure:9162: checking for -exported_symbols_list linker flag
configure:9182: gcc -o conftest  -DLIBSSH2_DARWIN   -Wl,-exported_symbols_list,conftest.sym conftest.c  >&5
configure:9182: $? = 0
configure:9192: result: yes
configure:9195: checking for -force_load linker flag
gcc  -DLIBSSH2_DARWIN -c -o conftest.o conftest.c
ar cru libconftest.a conftest.o
ranlib libconftest.a
gcc  -DLIBSSH2_DARWIN  -o conftest conftest.c -Wl,-force_load,./libconftest.a
configure:9227: result: yes
configure:9301: checking for dlfcn.h
configure:9301: gcc -c  -DLIBSSH2_DARWIN  conftest.c >&5
configure:9301: $? = 0
configure:9301: result: yes
configure:9555: checking for objdir
configure:9570: result: .libs
configure:9834: checking if gcc supports -fno-rtti -fno-exceptions
configure:9852: gcc -c  -DLIBSSH2_DARWIN  -fno-rtti -fno-exceptions conftest.c >&5
configure:9856: $? = 0
configure:9869: result: yes
configure:10227: checking for gcc option to produce PIC
configure:10234: result: -fno-common -DPIC
configure:10242: checking if gcc PIC flag -fno-common -DPIC works
configure:10260: gcc -c  -DLIBSSH2_DARWIN  -fno-common -DPIC -DPIC conftest.c >&5
configure:10264: $? = 0
configure:10277: result: yes
configure:10306: checking if gcc static flag -static works
configure:10334: result: no
configure:10349: checking if gcc supports -c -o file.o
configure:10370: gcc -c  -DLIBSSH2_DARWIN  -o out/conftest2.o conftest.c >&5
configure:10374: $? = 0
configure:10396: result: yes
configure:10404: checking if gcc supports -c -o file.o
configure:10451: result: yes
configure:10484: checking whether the gcc linker (/Library/Developer/CommandLineTools/usr/bin/ld) supports shared libraries
configure:11747: result: yes
configure:11987: checking dynamic linker characteristics
configure:12817: result: darwin16.1.0 dyld
configure:12939: checking how to hardcode library paths into programs
configure:12964: result: immediate
configure:13512: checking whether stripping libraries is possible
configure:13526: result: yes
configure:13552: checking if libtool supports shared libraries
configure:13554: result: yes
configure:13557: checking whether to build shared libraries
configure:13582: result: no
configure:13585: checking whether to build static libraries
configure:13589: result: yes
configure:13626: checking whether byte ordering is bigendian
configure:13641: gcc -c  -DLIBSSH2_DARWIN  conftest.c >&5
configure:13641: $? = 0
configure:13686: gcc -c  -DLIBSSH2_DARWIN  conftest.c >&5
configure:13686: $? = 0
configure:13704: gcc -c  -DLIBSSH2_DARWIN  conftest.c >&5
conftest.c:31:4: error: use of undeclared identifier 'not'
                 not big endian
                 ^
1 error generated.
configure:13704: $? = 1
configure: failed program was:
| /* confdefs.h */
| #define PACKAGE_NAME "libssh2"
| #define PACKAGE_TARNAME "libssh2"
| #define PACKAGE_VERSION "-"
| #define PACKAGE_STRING "libssh2 -"
| #define PACKAGE_BUGREPORT "libssh2-devel@cool.haxx.se"
| #define PACKAGE_URL ""
| #define PACKAGE "libssh2"
| #define VERSION "-"
| #define STDC_HEADERS 1
| #define HAVE_SYS_TYPES_H 1
| #define HAVE_SYS_STAT_H 1
| #define HAVE_STDLIB_H 1
| #define HAVE_STRING_H 1
| #define HAVE_MEMORY_H 1
| #define HAVE_STRINGS_H 1
| #define HAVE_INTTYPES_H 1
| #define HAVE_STDINT_H 1
| #define HAVE_UNISTD_H 1
| #define HAVE_LONGLONG 1
| #define HAVE_DLFCN_H 1
| #define LT_OBJDIR ".libs/"
| /* end confdefs.h.  */
| #include <sys/types.h>
| 		#include <sys/param.h>
| 
| int
| main ()
| {
| #if BYTE_ORDER != BIG_ENDIAN
| 		 not big endian
| 		#endif
| 
|   ;
|   return 0;
| }
configure:13832: result: no
configure:13858: checking for special C compiler options needed for large files
configure:13903: result: no
configure:13909: checking for _FILE_OFFSET_BITS value needed for large files
configure:13934: gcc -c  -DLIBSSH2_DARWIN  conftest.c >&5
configure:13934: $? = 0
configure:13966: result: no
configure:14103: checking for ld used by GCC
configure:14167: result: /Library/Developer/CommandLineTools/usr/bin/ld
configure:14174: checking if the linker (/Library/Developer/CommandLineTools/usr/bin/ld) is GNU ld
configure:14187: result: no
configure:14194: checking for shared library run path origin
configure:14207: result: done
configure:16943: checking for libssl
configure:16962: gcc -o conftest  -DLIBSSH2_DARWIN -I/Users/vadimyusanenko/Documents/workspace/RemoteSSHManager/libraries/openssl-1.1.0c/usr/local/openssl_install/include  conftest.c  /Users/vadimyusanenko/Documents/workspace/RemoteSSHManager/libraries/openssl-1.1.0c/usr/local/openssl_install/lib/libssl.a /Users/vadimyusanenko/Documents/workspace/RemoteSSHManager/libraries/openssl-1.1.0c/usr/local/openssl_install/lib/libcrypto.a >&5
configure:16962: $? = 0
configure:16972: result: yes
configure:16979: checking how to link with libssl
configure:16981: result: /Users/vadimyusanenko/Documents/workspace/RemoteSSHManager/libraries/openssl-1.1.0c/usr/local/openssl_install/lib/libssl.a /Users/vadimyusanenko/Documents/workspace/RemoteSSHManager/libraries/openssl-1.1.0c/usr/local/openssl_install/lib/libcrypto.a
configure:17009: checking for EVP_aes_128_ctr
configure:17009: gcc -o conftest  -DLIBSSH2_DARWIN -I/Users/vadimyusanenko/Documents/workspace/RemoteSSHManager/libraries/openssl-1.1.0c/usr/local/openssl_install/include  conftest.c  /Users/vadimyusanenko/Documents/workspace/RemoteSSHManager/libraries/openssl-1.1.0c/usr/local/openssl_install/lib/libssl.a /Users/vadimyusanenko/Documents/workspace/RemoteSSHManager/libraries/openssl-1.1.0c/usr/local/openssl_install/lib/libcrypto.a >&5
configure:17009: $? = 0
configure:17009: result: yes
configure:17543: checking for libz
configure:17562: gcc -o conftest  -DLIBSSH2_DARWIN -I/Users/vadimyusanenko/Documents/workspace/RemoteSSHManager/libraries/openssl-1.1.0c/usr/local/openssl_install/include  conftest.c  -lz >&5
configure:17562: $? = 0
configure:17572: result: yes
configure:17579: checking how to link with libz
configure:17581: result: -lz
configure:17660: WARNING: secure clearing/zeroing of memory is not supported by the selected crypto backend
configure:17675: checking whether to enable pedantic and debug compiler options
configure:17808: result: no
configure:17814: checking whether to enable hidden symbols in the library
configure:17855: result: no
configure:17862: checking whether to build example applications
configure:17878: result: no
configure:17894: checking errno.h usability
configure:17894: gcc -c  -DLIBSSH2_DARWIN -I/Users/vadimyusanenko/Documents/workspace/RemoteSSHManager/libraries/openssl-1.1.0c/usr/local/openssl_install/include conftest.c >&5
configure:17894: $? = 0
configure:17894: result: yes
configure:17894: checking errno.h presence
configure:17894: gcc -E -I/Users/vadimyusanenko/Documents/workspace/RemoteSSHManager/libraries/openssl-1.1.0c/usr/local/openssl_install/include conftest.c
configure:17894: $? = 0
configure:17894: result: yes
configure:17894: checking for errno.h
configure:17894: result: yes
configure:17894: checking fcntl.h usability
configure:17894: gcc -c  -DLIBSSH2_DARWIN -I/Users/vadimyusanenko/Documents/workspace/RemoteSSHManager/libraries/openssl-1.1.0c/usr/local/openssl_install/include conftest.c >&5
configure:17894: $? = 0
configure:17894: result: yes
configure:17894: checking fcntl.h presence
configure:17894: gcc -E -I/Users/vadimyusanenko/Documents/workspace/RemoteSSHManager/libraries/openssl-1.1.0c/usr/local/openssl_install/include conftest.c
configure:17894: $? = 0
configure:17894: result: yes
configure:17894: checking for fcntl.h
configure:17894: result: yes
configure:17894: checking stdio.h usability
configure:17894: gcc -c  -DLIBSSH2_DARWIN -I/Users/vadimyusanenko/Documents/workspace/RemoteSSHManager/libraries/openssl-1.1.0c/usr/local/openssl_install/include conftest.c >&5
configure:17894: $? = 0
configure:17894: result: yes
configure:17894: checking stdio.h presence
configure:17894: gcc -E -I/Users/vadimyusanenko/Documents/workspace/RemoteSSHManager/libraries/openssl-1.1.0c/usr/local/openssl_install/include conftest.c
configure:17894: $? = 0
configure:17894: result: yes
configure:17894: checking for stdio.h
configure:17894: result: yes
configure:17894: checking for stdlib.h
configure:17894: result: yes
configure:17894: checking for unistd.h
configure:17894: result: yes
configure:17894: checking sys/uio.h usability
configure:17894: gcc -c  -DLIBSSH2_DARWIN -I/Users/vadimyusanenko/Documents/workspace/RemoteSSHManager/libraries/openssl-1.1.0c/usr/local/openssl_install/include conftest.c >&5
configure:17894: $? = 0
configure:17894: result: yes
configure:17894: checking sys/uio.h presence
configure:17894: gcc -E -I/Users/vadimyusanenko/Documents/workspace/RemoteSSHManager/libraries/openssl-1.1.0c/usr/local/openssl_install/include conftest.c
configure:17894: $? = 0
configure:17894: result: yes
configure:17894: checking for sys/uio.h
configure:17894: result: yes
configure:17907: checking sys/select.h usability
configure:17907: gcc -c  -DLIBSSH2_DARWIN -I/Users/vadimyusanenko/Documents/workspace/RemoteSSHManager/libraries/openssl-1.1.0c/usr/local/openssl_install/include conftest.c >&5
configure:17907: $? = 0
configure:17907: result: yes
configure:17907: checking sys/select.h presence
configure:17907: gcc -E -I/Users/vadimyusanenko/Documents/workspace/RemoteSSHManager/libraries/openssl-1.1.0c/usr/local/openssl_install/include conftest.c
configure:17907: $? = 0
configure:17907: result: yes
configure:17907: checking for sys/select.h
configure:17907: result: yes
configure:17907: checking sys/socket.h usability
configure:17907: gcc -c  -DLIBSSH2_DARWIN -I/Users/vadimyusanenko/Documents/workspace/RemoteSSHManager/libraries/openssl-1.1.0c/usr/local/openssl_install/include conftest.c >&5
configure:17907: $? = 0
configure:17907: result: yes
configure:17907: checking sys/socket.h presence
configure:17907: gcc -E -I/Users/vadimyusanenko/Documents/workspace/RemoteSSHManager/libraries/openssl-1.1.0c/usr/local/openssl_install/include conftest.c
configure:17907: $? = 0
configure:17907: result: yes
configure:17907: checking for sys/socket.h
configure:17907: result: yes
configure:17907: checking sys/ioctl.h usability
configure:17907: gcc -c  -DLIBSSH2_DARWIN -I/Users/vadimyusanenko/Documents/workspace/RemoteSSHManager/libraries/openssl-1.1.0c/usr/local/openssl_install/include conftest.c >&5
configure:17907: $? = 0
configure:17907: result: yes
configure:17907: checking sys/ioctl.h presence
configure:17907: gcc -E -I/Users/vadimyusanenko/Documents/workspace/RemoteSSHManager/libraries/openssl-1.1.0c/usr/local/openssl_install/include conftest.c
configure:17907: $? = 0
configure:17907: result: yes
configure:17907: checking for sys/ioctl.h
configure:17907: result: yes
configure:17907: checking sys/time.h usability
configure:17907: gcc -c  -DLIBSSH2_DARWIN -I/Users/vadimyusanenko/Documents/workspace/RemoteSSHManager/libraries/openssl-1.1.0c/usr/local/openssl_install/include conftest.c >&5
configure:17907: $? = 0
configure:17907: result: yes
configure:17907: checking sys/time.h presence
configure:17907: gcc -E -I/Users/vadimyusanenko/Documents/workspace/RemoteSSHManager/libraries/openssl-1.1.0c/usr/local/openssl_install/include conftest.c
configure:17907: $? = 0
configure:17907: result: yes
configure:17907: checking for sys/time.h
configure:17907: result: yes
configure:17920: checking arpa/inet.h usability
configure:17920: gcc -c  -DLIBSSH2_DARWIN -I/Users/vadimyusanenko/Documents/workspace/RemoteSSHManager/libraries/openssl-1.1.0c/usr/local/openssl_install/include conftest.c >&5
configure:17920: $? = 0
configure:17920: result: yes
configure:17920: checking arpa/inet.h presence
configure:17920: gcc -E -I/Users/vadimyusanenko/Documents/workspace/RemoteSSHManager/libraries/openssl-1.1.0c/usr/local/openssl_install/include conftest.c
configure:17920: $? = 0
configure:17920: result: yes
configure:17920: checking for arpa/inet.h
configure:17920: result: yes
configure:17920: checking netinet/in.h usability
configure:17920: gcc -c  -DLIBSSH2_DARWIN -I/Users/vadimyusanenko/Documents/workspace/RemoteSSHManager/libraries/openssl-1.1.0c/usr/local/openssl_install/include conftest.c >&5
configure:17920: $? = 0
configure:17920: result: yes
configure:17920: checking netinet/in.h presence
configure:17920: gcc -E -I/Users/vadimyusanenko/Documents/workspace/RemoteSSHManager/libraries/openssl-1.1.0c/usr/local/openssl_install/include conftest.c
configure:17920: $? = 0
configure:17920: result: yes
configure:17920: checking for netinet/in.h
configure:17920: result: yes
configure:17932: checking sys/un.h usability
configure:17932: gcc -c  -DLIBSSH2_DARWIN -I/Users/vadimyusanenko/Documents/workspace/RemoteSSHManager/libraries/openssl-1.1.0c/usr/local/openssl_install/include conftest.c >&5
configure:17932: $? = 0
configure:17932: result: yes
configure:17932: checking sys/un.h presence
configure:17932: gcc -E -I/Users/vadimyusanenko/Documents/workspace/RemoteSSHManager/libraries/openssl-1.1.0c/usr/local/openssl_install/include conftest.c
configure:17932: $? = 0
configure:17932: result: yes
configure:17932: checking for sys/un.h
configure:17932: result: yes
configure:17961: checking windows.h usability
configure:17961: gcc -c  -DLIBSSH2_DARWIN -I/Users/vadimyusanenko/Documents/workspace/RemoteSSHManager/libraries/openssl-1.1.0c/usr/local/openssl_install/include conftest.c >&5
conftest.c:76:10: fatal error: 'windows.h' file not found
#include <windows.h>
         ^
1 error generated.
configure:17961: $? = 1
configure: failed program was:
| /* confdefs.h */
| #define PACKAGE_NAME "libssh2"
| #define PACKAGE_TARNAME "libssh2"
| #define PACKAGE_VERSION "-"
| #define PACKAGE_STRING "libssh2 -"
| #define PACKAGE_BUGREPORT "libssh2-devel@cool.haxx.se"
| #define PACKAGE_URL ""
| #define PACKAGE "libssh2"
| #define VERSION "-"
| #define STDC_HEADERS 1
| #define HAVE_SYS_TYPES_H 1
| #define HAVE_SYS_STAT_H 1
| #define HAVE_STDLIB_H 1
| #define HAVE_STRING_H 1
| #define HAVE_MEMORY_H 1
| #define HAVE_STRINGS_H 1
| #define HAVE_INTTYPES_H 1
| #define HAVE_STDINT_H 1
| #define HAVE_UNISTD_H 1
| #define HAVE_LONGLONG 1
| #define HAVE_DLFCN_H 1
| #define LT_OBJDIR ".libs/"
| #define HAVE_LIBSSL 1
| #define LIBSSH2_OPENSSL 1
| #define HAVE_EVP_AES_128_CTR 1
| #define HAVE_LIBZ 1
| #define LIBSSH2_HAVE_ZLIB 1
| #define LIBSSH2_DH_GEX_NEW 1
| #define HAVE_ERRNO_H 1
| #define HAVE_FCNTL_H 1
| #define HAVE_STDIO_H 1
| #define HAVE_STDLIB_H 1
| #define HAVE_UNISTD_H 1
| #define HAVE_SYS_UIO_H 1
| #define HAVE_SYS_SELECT_H 1
| #define HAVE_SYS_SOCKET_H 1
| #define HAVE_SYS_IOCTL_H 1
| #define HAVE_SYS_TIME_H 1
| #define HAVE_ARPA_INET_H 1
| #define HAVE_NETINET_IN_H 1
| #define HAVE_SYS_UN_H 1
| /* end confdefs.h.  */
| #include <stdio.h>
| #ifdef HAVE_SYS_TYPES_H
| # include <sys/types.h>
| #endif
| #ifdef HAVE_SYS_STAT_H
| # include <sys/stat.h>
| #endif
| #ifdef STDC_HEADERS
| # include <stdlib.h>
| # include <stddef.h>
| #else
| # ifdef HAVE_STDLIB_H
| #  include <stdlib.h>
| # endif
| #endif
| #ifdef HAVE_STRING_H
| # if !defined STDC_HEADERS && defined HAVE_MEMORY_H
| #  include <memory.h>
| # endif
| # include <string.h>
| #endif
| #ifdef HAVE_STRINGS_H
| # include <strings.h>
| #endif
| #ifdef HAVE_INTTYPES_H
| # include <inttypes.h>
| #endif
| #ifdef HAVE_STDINT_H
| # include <stdint.h>
| #endif
| #ifdef HAVE_UNISTD_H
| # include <unistd.h>
| #endif
| #include <windows.h>
configure:17961: result: no
configure:17961: checking windows.h presence
configure:17961: gcc -E -I/Users/vadimyusanenko/Documents/workspace/RemoteSSHManager/libraries/openssl-1.1.0c/usr/local/openssl_install/include conftest.c
conftest.c:43:10: fatal error: 'windows.h' file not found
#include <windows.h>
         ^
1 error generated.
configure:17961: $? = 1
configure: failed program was:
| /* confdefs.h */
| #define PACKAGE_NAME "libssh2"
| #define PACKAGE_TARNAME "libssh2"
| #define PACKAGE_VERSION "-"
| #define PACKAGE_STRING "libssh2 -"
| #define PACKAGE_BUGREPORT "libssh2-devel@cool.haxx.se"
| #define PACKAGE_URL ""
| #define PACKAGE "libssh2"
| #define VERSION "-"
| #define STDC_HEADERS 1
| #define HAVE_SYS_TYPES_H 1
| #define HAVE_SYS_STAT_H 1
| #define HAVE_STDLIB_H 1
| #define HAVE_STRING_H 1
| #define HAVE_MEMORY_H 1
| #define HAVE_STRINGS_H 1
| #define HAVE_INTTYPES_H 1
| #define HAVE_STDINT_H 1
| #define HAVE_UNISTD_H 1
| #define HAVE_LONGLONG 1
| #define HAVE_DLFCN_H 1
| #define LT_OBJDIR ".libs/"
| #define HAVE_LIBSSL 1
| #define LIBSSH2_OPENSSL 1
| #define HAVE_EVP_AES_128_CTR 1
| #define HAVE_LIBZ 1
| #define LIBSSH2_HAVE_ZLIB 1
| #define LIBSSH2_DH_GEX_NEW 1
| #define HAVE_ERRNO_H 1
| #define HAVE_FCNTL_H 1
| #define HAVE_STDIO_H 1
| #define HAVE_STDLIB_H 1
| #define HAVE_UNISTD_H 1
| #define HAVE_SYS_UIO_H 1
| #define HAVE_SYS_SELECT_H 1
| #define HAVE_SYS_SOCKET_H 1
| #define HAVE_SYS_IOCTL_H 1
| #define HAVE_SYS_TIME_H 1
| #define HAVE_ARPA_INET_H 1
| #define HAVE_NETINET_IN_H 1
| #define HAVE_SYS_UN_H 1
| /* end confdefs.h.  */
| #include <windows.h>
configure:17961: result: no
configure:17961: checking for windows.h
configure:17961: result: no
configure:17961: checking winsock2.h usability
configure:17961: gcc -c  -DLIBSSH2_DARWIN -I/Users/vadimyusanenko/Documents/workspace/RemoteSSHManager/libraries/openssl-1.1.0c/usr/local/openssl_install/include conftest.c >&5
conftest.c:76:10: fatal error: 'winsock2.h' file not found
#include <winsock2.h>
         ^
1 error generated.
configure:17961: $? = 1
configure: failed program was:
| /* confdefs.h */
| #define PACKAGE_NAME "libssh2"
| #define PACKAGE_TARNAME "libssh2"
| #define PACKAGE_VERSION "-"
| #define PACKAGE_STRING "libssh2 -"
| #define PACKAGE_BUGREPORT "libssh2-devel@cool.haxx.se"
| #define PACKAGE_URL ""
| #define PACKAGE "libssh2"
| #define VERSION "-"
| #define STDC_HEADERS 1
| #define HAVE_SYS_TYPES_H 1
| #define HAVE_SYS_STAT_H 1
| #define HAVE_STDLIB_H 1
| #define HAVE_STRING_H 1
| #define HAVE_MEMORY_H 1
| #define HAVE_STRINGS_H 1
| #define HAVE_INTTYPES_H 1
| #define HAVE_STDINT_H 1
| #define HAVE_UNISTD_H 1
| #define HAVE_LONGLONG 1
| #define HAVE_DLFCN_H 1
| #define LT_OBJDIR ".libs/"
| #define HAVE_LIBSSL 1
| #define LIBSSH2_OPENSSL 1
| #define HAVE_EVP_AES_128_CTR 1
| #define HAVE_LIBZ 1
| #define LIBSSH2_HAVE_ZLIB 1
| #define LIBSSH2_DH_GEX_NEW 1
| #define HAVE_ERRNO_H 1
| #define HAVE_FCNTL_H 1
| #define HAVE_STDIO_H 1
| #define HAVE_STDLIB_H 1
| #define HAVE_UNISTD_H 1
| #define HAVE_SYS_UIO_H 1
| #define HAVE_SYS_SELECT_H 1
| #define HAVE_SYS_SOCKET_H 1
| #define HAVE_SYS_IOCTL_H 1
| #define HAVE_SYS_TIME_H 1
| #define HAVE_ARPA_INET_H 1
| #define HAVE_NETINET_IN_H 1
| #define HAVE_SYS_UN_H 1
| /* end confdefs.h.  */
| #include <stdio.h>
| #ifdef HAVE_SYS_TYPES_H
| # include <sys/types.h>
| #endif
| #ifdef HAVE_SYS_STAT_H
| # include <sys/stat.h>
| #endif
| #ifdef STDC_HEADERS
| # include <stdlib.h>
| # include <stddef.h>
| #else
| # ifdef HAVE_STDLIB_H
| #  include <stdlib.h>
| # endif
| #endif
| #ifdef HAVE_STRING_H
| # if !defined STDC_HEADERS && defined HAVE_MEMORY_H
| #  include <memory.h>
| # endif
| # include <string.h>
| #endif
| #ifdef HAVE_STRINGS_H
| # include <strings.h>
| #endif
| #ifdef HAVE_INTTYPES_H
| # include <inttypes.h>
| #endif
| #ifdef HAVE_STDINT_H
| # include <stdint.h>
| #endif
| #ifdef HAVE_UNISTD_H
| # include <unistd.h>
| #endif
| #include <winsock2.h>
configure:17961: result: no
configure:17961: checking winsock2.h presence
configure:17961: gcc -E -I/Users/vadimyusanenko/Documents/workspace/RemoteSSHManager/libraries/openssl-1.1.0c/usr/local/openssl_install/include conftest.c
conftest.c:43:10: fatal error: 'winsock2.h' file not found
#include <winsock2.h>
         ^
1 error generated.
configure:17961: $? = 1
configure: failed program was:
| /* confdefs.h */
| #define PACKAGE_NAME "libssh2"
| #define PACKAGE_TARNAME "libssh2"
| #define PACKAGE_VERSION "-"
| #define PACKAGE_STRING "libssh2 -"
| #define PACKAGE_BUGREPORT "libssh2-devel@cool.haxx.se"
| #define PACKAGE_URL ""
| #define PACKAGE "libssh2"
| #define VERSION "-"
| #define STDC_HEADERS 1
| #define HAVE_SYS_TYPES_H 1
| #define HAVE_SYS_STAT_H 1
| #define HAVE_STDLIB_H 1
| #define HAVE_STRING_H 1
| #define HAVE_MEMORY_H 1
| #define HAVE_STRINGS_H 1
| #define HAVE_INTTYPES_H 1
| #define HAVE_STDINT_H 1
| #define HAVE_UNISTD_H 1
| #define HAVE_LONGLONG 1
| #define HAVE_DLFCN_H 1
| #define LT_OBJDIR ".libs/"
| #define HAVE_LIBSSL 1
| #define LIBSSH2_OPENSSL 1
| #define HAVE_EVP_AES_128_CTR 1
| #define HAVE_LIBZ 1
| #define LIBSSH2_HAVE_ZLIB 1
| #define LIBSSH2_DH_GEX_NEW 1
| #define HAVE_ERRNO_H 1
| #define HAVE_FCNTL_H 1
| #define HAVE_STDIO_H 1
| #define HAVE_STDLIB_H 1
| #define HAVE_UNISTD_H 1
| #define HAVE_SYS_UIO_H 1
| #define HAVE_SYS_SELECT_H 1
| #define HAVE_SYS_SOCKET_H 1
| #define HAVE_SYS_IOCTL_H 1
| #define HAVE_SYS_TIME_H 1
| #define HAVE_ARPA_INET_H 1
| #define HAVE_NETINET_IN_H 1
| #define HAVE_SYS_UN_H 1
| /* end confdefs.h.  */
| #include <winsock2.h>
configure:17961: result: no
configure:17961: checking for winsock2.h
configure:17961: result: no
configure:17961: checking ws2tcpip.h usability
configure:17961: gcc -c  -DLIBSSH2_DARWIN -I/Users/vadimyusanenko/Documents/workspace/RemoteSSHManager/libraries/openssl-1.1.0c/usr/local/openssl_install/include conftest.c >&5
conftest.c:76:10: fatal error: 'ws2tcpip.h' file not found
#include <ws2tcpip.h>
         ^
1 error generated.
configure:17961: $? = 1
configure: failed program was:
| /* confdefs.h */
| #define PACKAGE_NAME "libssh2"
| #define PACKAGE_TARNAME "libssh2"
| #define PACKAGE_VERSION "-"
| #define PACKAGE_STRING "libssh2 -"
| #define PACKAGE_BUGREPORT "libssh2-devel@cool.haxx.se"
| #define PACKAGE_URL ""
| #define PACKAGE "libssh2"
| #define VERSION "-"
| #define STDC_HEADERS 1
| #define HAVE_SYS_TYPES_H 1
| #define HAVE_SYS_STAT_H 1
| #define HAVE_STDLIB_H 1
| #define HAVE_STRING_H 1
| #define HAVE_MEMORY_H 1
| #define HAVE_STRINGS_H 1
| #define HAVE_INTTYPES_H 1
| #define HAVE_STDINT_H 1
| #define HAVE_UNISTD_H 1
| #define HAVE_LONGLONG 1
| #define HAVE_DLFCN_H 1
| #define LT_OBJDIR ".libs/"
| #define HAVE_LIBSSL 1
| #define LIBSSH2_OPENSSL 1
| #define HAVE_EVP_AES_128_CTR 1
| #define HAVE_LIBZ 1
| #define LIBSSH2_HAVE_ZLIB 1
| #define LIBSSH2_DH_GEX_NEW 1
| #define HAVE_ERRNO_H 1
| #define HAVE_FCNTL_H 1
| #define HAVE_STDIO_H 1
| #define HAVE_STDLIB_H 1
| #define HAVE_UNISTD_H 1
| #define HAVE_SYS_UIO_H 1
| #define HAVE_SYS_SELECT_H 1
| #define HAVE_SYS_SOCKET_H 1
| #define HAVE_SYS_IOCTL_H 1
| #define HAVE_SYS_TIME_H 1
| #define HAVE_ARPA_INET_H 1
| #define HAVE_NETINET_IN_H 1
| #define HAVE_SYS_UN_H 1
| /* end confdefs.h.  */
| #include <stdio.h>
| #ifdef HAVE_SYS_TYPES_H
| # include <sys/types.h>
| #endif
| #ifdef HAVE_SYS_STAT_H
| # include <sys/stat.h>
| #endif
| #ifdef STDC_HEADERS
| # include <stdlib.h>
| # include <stddef.h>
| #else
| # ifdef HAVE_STDLIB_H
| #  include <stdlib.h>
| # endif
| #endif
| #ifdef HAVE_STRING_H
| # if !defined STDC_HEADERS && defined HAVE_MEMORY_H
| #  include <memory.h>
| # endif
| # include <string.h>
| #endif
| #ifdef HAVE_STRINGS_H
| # include <strings.h>
| #endif
| #ifdef HAVE_INTTYPES_H
| # include <inttypes.h>
| #endif
| #ifdef HAVE_STDINT_H
| # include <stdint.h>
| #endif
| #ifdef HAVE_UNISTD_H
| # include <unistd.h>
| #endif
| #include <ws2tcpip.h>
configure:17961: result: no
configure:17961: checking ws2tcpip.h presence
configure:17961: gcc -E -I/Users/vadimyusanenko/Documents/workspace/RemoteSSHManager/libraries/openssl-1.1.0c/usr/local/openssl_install/include conftest.c
conftest.c:43:10: fatal error: 'ws2tcpip.h' file not found
#include <ws2tcpip.h>
         ^
1 error generated.
configure:17961: $? = 1
configure: failed program was:
| /* confdefs.h */
| #define PACKAGE_NAME "libssh2"
| #define PACKAGE_TARNAME "libssh2"
| #define PACKAGE_VERSION "-"
| #define PACKAGE_STRING "libssh2 -"
| #define PACKAGE_BUGREPORT "libssh2-devel@cool.haxx.se"
| #define PACKAGE_URL ""
| #define PACKAGE "libssh2"
| #define VERSION "-"
| #define STDC_HEADERS 1
| #define HAVE_SYS_TYPES_H 1
| #define HAVE_SYS_STAT_H 1
| #define HAVE_STDLIB_H 1
| #define HAVE_STRING_H 1
| #define HAVE_MEMORY_H 1
| #define HAVE_STRINGS_H 1
| #define HAVE_INTTYPES_H 1
| #define HAVE_STDINT_H 1
| #define HAVE_UNISTD_H 1
| #define HAVE_LONGLONG 1
| #define HAVE_DLFCN_H 1
| #define LT_OBJDIR ".libs/"
| #define HAVE_LIBSSL 1
| #define LIBSSH2_OPENSSL 1
| #define HAVE_EVP_AES_128_CTR 1
| #define HAVE_LIBZ 1
| #define LIBSSH2_HAVE_ZLIB 1
| #define LIBSSH2_DH_GEX_NEW 1
| #define HAVE_ERRNO_H 1
| #define HAVE_FCNTL_H 1
| #define HAVE_STDIO_H 1
| #define HAVE_STDLIB_H 1
| #define HAVE_UNISTD_H 1
| #define HAVE_SYS_UIO_H 1
| #define HAVE_SYS_SELECT_H 1
| #define HAVE_SYS_SOCKET_H 1
| #define HAVE_SYS_IOCTL_H 1
| #define HAVE_SYS_TIME_H 1
| #define HAVE_ARPA_INET_H 1
| #define HAVE_NETINET_IN_H 1
| #define HAVE_SYS_UN_H 1
| /* end confdefs.h.  */
| #include <ws2tcpip.h>
configure:17961: result: no
configure:17961: checking for ws2tcpip.h
configure:17961: result: no
configure:17976: poll use is disabled on this platform
configure:17997: checking for gettimeofday
configure:17997: gcc -o conftest  -DLIBSSH2_DARWIN -I/Users/vadimyusanenko/Documents/workspace/RemoteSSHManager/libraries/openssl-1.1.0c/usr/local/openssl_install/include  conftest.c  >&5
configure:17997: $? = 0
configure:17997: result: yes
configure:17997: checking for select
configure:17997: gcc -o conftest  -DLIBSSH2_DARWIN -I/Users/vadimyusanenko/Documents/workspace/RemoteSSHManager/libraries/openssl-1.1.0c/usr/local/openssl_install/include  conftest.c  >&5
configure:17997: $? = 0
configure:17997: result: yes
configure:17997: checking for strtoll
configure:17997: gcc -o conftest  -DLIBSSH2_DARWIN -I/Users/vadimyusanenko/Documents/workspace/RemoteSSHManager/libraries/openssl-1.1.0c/usr/local/openssl_install/include  conftest.c  >&5
configure:17997: $? = 0
configure:17997: result: yes
configure:18051: checking for size_t
configure:18051: gcc -c  -DLIBSSH2_DARWIN -I/Users/vadimyusanenko/Documents/workspace/RemoteSSHManager/libraries/openssl-1.1.0c/usr/local/openssl_install/include conftest.c >&5
configure:18051: $? = 0
configure:18051: gcc -c  -DLIBSSH2_DARWIN -I/Users/vadimyusanenko/Documents/workspace/RemoteSSHManager/libraries/openssl-1.1.0c/usr/local/openssl_install/include conftest.c >&5
conftest.c:82:21: error: expected expression
if (sizeof ((size_t)))
                    ^
1 error generated.
configure:18051: $? = 1
configure: failed program was:
| /* confdefs.h */
| #define PACKAGE_NAME "libssh2"
| #define PACKAGE_TARNAME "libssh2"
| #define PACKAGE_VERSION "-"
| #define PACKAGE_STRING "libssh2 -"
| #define PACKAGE_BUGREPORT "libssh2-devel@cool.haxx.se"
| #define PACKAGE_URL ""
| #define PACKAGE "libssh2"
| #define VERSION "-"
| #define STDC_HEADERS 1
| #define HAVE_SYS_TYPES_H 1
| #define HAVE_SYS_STAT_H 1
| #define HAVE_STDLIB_H 1
| #define HAVE_STRING_H 1
| #define HAVE_MEMORY_H 1
| #define HAVE_STRINGS_H 1
| #define HAVE_INTTYPES_H 1
| #define HAVE_STDINT_H 1
| #define HAVE_UNISTD_H 1
| #define HAVE_LONGLONG 1
| #define HAVE_DLFCN_H 1
| #define LT_OBJDIR ".libs/"
| #define HAVE_LIBSSL 1
| #define LIBSSH2_OPENSSL 1
| #define HAVE_EVP_AES_128_CTR 1
| #define HAVE_LIBZ 1
| #define LIBSSH2_HAVE_ZLIB 1
| #define LIBSSH2_DH_GEX_NEW 1
| #define HAVE_ERRNO_H 1
| #define HAVE_FCNTL_H 1
| #define HAVE_STDIO_H 1
| #define HAVE_STDLIB_H 1
| #define HAVE_UNISTD_H 1
| #define HAVE_SYS_UIO_H 1
| #define HAVE_SYS_SELECT_H 1
| #define HAVE_SYS_SOCKET_H 1
| #define HAVE_SYS_IOCTL_H 1
| #define HAVE_SYS_TIME_H 1
| #define HAVE_ARPA_INET_H 1
| #define HAVE_NETINET_IN_H 1
| #define HAVE_SYS_UN_H 1
| #define HAVE_GETTIMEOFDAY 1
| #define HAVE_SELECT 1
| #define HAVE_STRTOLL 1
| /* end confdefs.h.  */
| #include <stdio.h>
| #ifdef HAVE_SYS_TYPES_H
| # include <sys/types.h>
| #endif
| #ifdef HAVE_SYS_STAT_H
| # include <sys/stat.h>
| #endif
| #ifdef STDC_HEADERS
| # include <stdlib.h>
| # include <stddef.h>
| #else
| # ifdef HAVE_STDLIB_H
| #  include <stdlib.h>
| # endif
| #endif
| #ifdef HAVE_STRING_H
| # if !defined STDC_HEADERS && defined HAVE_MEMORY_H
| #  include <memory.h>
| # endif
| # include <string.h>
| #endif
| #ifdef HAVE_STRINGS_H
| # include <strings.h>
| #endif
| #ifdef HAVE_INTTYPES_H
| # include <inttypes.h>
| #endif
| #ifdef HAVE_STDINT_H
| # include <stdint.h>
| #endif
| #ifdef HAVE_UNISTD_H
| # include <unistd.h>
| #endif
| int
| main ()
| {
| if (sizeof ((size_t)))
| 	    return 0;
|   ;
|   return 0;
| }
configure:18051: result: yes
configure:18064: checking for working alloca.h
configure:18081: gcc -o conftest  -DLIBSSH2_DARWIN -I/Users/vadimyusanenko/Documents/workspace/RemoteSSHManager/libraries/openssl-1.1.0c/usr/local/openssl_install/include  conftest.c  >&5
configure:18081: $? = 0
configure:18089: result: yes
configure:18097: checking for alloca
configure:18134: gcc -o conftest  -DLIBSSH2_DARWIN -I/Users/vadimyusanenko/Documents/workspace/RemoteSSHManager/libraries/openssl-1.1.0c/usr/local/openssl_install/include  conftest.c  >&5
configure:18134: $? = 0
configure:18142: result: yes
configure:18250: checking for an ANSI C-conforming const
configure:18316: gcc -c  -DLIBSSH2_DARWIN -I/Users/vadimyusanenko/Documents/workspace/RemoteSSHManager/libraries/openssl-1.1.0c/usr/local/openssl_install/include conftest.c >&5
configure:18316: $? = 0
configure:18323: result: yes
configure:18331: checking for inline
configure:18347: gcc -c  -DLIBSSH2_DARWIN -I/Users/vadimyusanenko/Documents/workspace/RemoteSSHManager/libraries/openssl-1.1.0c/usr/local/openssl_install/include conftest.c >&5
configure:18347: $? = 0
configure:18355: result: inline
configure:18375: checking non-blocking sockets style
configure:18413: gcc -c  -DLIBSSH2_DARWIN -I/Users/vadimyusanenko/Documents/workspace/RemoteSSHManager/libraries/openssl-1.1.0c/usr/local/openssl_install/include conftest.c >&5
configure:18413: $? = 0
configure:18574: result: O_NONBLOCK
configure:18698: checking that generated files are newer than configure
configure:18704: result: done
configure:18764: creating ./config.status

## ---------------------- ##
## Running config.status. ##
## ---------------------- ##

This file was extended by libssh2 config.status -, which was
generated by GNU Autoconf 2.69.  Invocation command line was

  CONFIG_FILES    = 
  CONFIG_HEADERS  = 
  CONFIG_LINKS    = 
  CONFIG_COMMANDS = 
  $ ./config.status 

on MacBook-Pro-2.local

config.status:1164: creating Makefile
config.status:1164: creating src/Makefile
config.status:1164: creating tests/Makefile
config.status:1164: creating example/Makefile
config.status:1164: creating docs/Makefile
config.status:1164: creating libssh2.pc
config.status:1164: creating src/libssh2_config.h
config.status:1345: src/libssh2_config.h is unchanged
config.status:1164: creating example/libssh2_config.h
config.status:1345: example/libssh2_config.h is unchanged
config.status:1393: executing depfiles commands
config.status:1393: executing libtool commands
configure:20932: summary of build options:

  version:          1.8.0
  Host type:        x86_64-apple-darwin16.1.0
  Install prefix:   /usr/local
  Compiler:         gcc
  Compiler flags:    -DLIBSSH2_DARWIN
  Library types:    Shared=no, Static=yes
  Crypto library:   OpenSSL (AES-CTR: yes)
  Clear memory:     unsupported
  Debug build:      no
  Build examples:   no
  Path to sshd:     /usr/sbin/sshd (only for self-tests)
  zlib compression: yes


## ---------------- ##
## Cache variables. ##
## ---------------- ##

ac_cv_build=x86_64-apple-darwin16.1.0
ac_cv_c_bigendian=no
ac_cv_c_compiler_gnu=yes
ac_cv_c_const=yes
ac_cv_c_inline=inline
ac_cv_env_CC_set=
ac_cv_env_CC_value=
ac_cv_env_CFLAGS_set=
ac_cv_env_CFLAGS_value=
ac_cv_env_CPPFLAGS_set=
ac_cv_env_CPPFLAGS_value=
ac_cv_env_CPP_set=
ac_cv_env_CPP_value=
ac_cv_env_LDFLAGS_set=
ac_cv_env_LDFLAGS_value=
ac_cv_env_LIBS_set=
ac_cv_env_LIBS_value=
ac_cv_env_LT_SYS_LIBRARY_PATH_set=
ac_cv_env_LT_SYS_LIBRARY_PATH_value=
ac_cv_env_build_alias_set=
ac_cv_env_build_alias_value=
ac_cv_env_host_alias_set=
ac_cv_env_host_alias_value=
ac_cv_env_target_alias_set=
ac_cv_env_target_alias_value=
ac_cv_func_EVP_aes_128_ctr=yes
ac_cv_func_alloca_works=yes
ac_cv_func_gettimeofday=yes
ac_cv_func_select=yes
ac_cv_func_strtoll=yes
ac_cv_header_arpa_inet_h=yes
ac_cv_header_dlfcn_h=yes
ac_cv_header_errno_h=yes
ac_cv_header_fcntl_h=yes
ac_cv_header_inttypes_h=yes
ac_cv_header_memory_h=yes
ac_cv_header_netinet_in_h=yes
ac_cv_header_stdc=yes
ac_cv_header_stdint_h=yes
ac_cv_header_stdio_h=yes
ac_cv_header_stdlib_h=yes
ac_cv_header_string_h=yes
ac_cv_header_strings_h=yes
ac_cv_header_sys_ioctl_h=yes
ac_cv_header_sys_select_h=yes
ac_cv_header_sys_socket_h=yes
ac_cv_header_sys_stat_h=yes
ac_cv_header_sys_time_h=yes
ac_cv_header_sys_types_h=yes
ac_cv_header_sys_uio_h=yes
ac_cv_header_sys_un_h=yes
ac_cv_header_unistd_h=yes
ac_cv_header_windows_h=no
ac_cv_header_winsock2_h=no
ac_cv_header_ws2tcpip_h=no
ac_cv_host=x86_64-apple-darwin16.1.0
ac_cv_libssl=yes
ac_cv_libz=yes
ac_cv_objext=o
ac_cv_path_EGREP='/usr/bin/grep -E'
ac_cv_path_FGREP='/usr/bin/grep -F'
ac_cv_path_GREP=/usr/bin/grep
ac_cv_path_SED=/usr/bin/sed
ac_cv_path_SSHD=/usr/sbin/sshd
ac_cv_path_install='/usr/bin/install -c'
ac_cv_path_lt_DD=/bin/dd
ac_cv_prog_AWK=awk
ac_cv_prog_CPP='gcc -E'
ac_cv_prog_ac_ct_AR=ar
ac_cv_prog_ac_ct_CC=gcc
ac_cv_prog_ac_ct_DLLTOOL=dlltool
ac_cv_prog_ac_ct_DSYMUTIL=dsymutil
ac_cv_prog_ac_ct_LIPO=lipo
ac_cv_prog_ac_ct_NMEDIT=nmedit
ac_cv_prog_ac_ct_OBJDUMP=objdump
ac_cv_prog_ac_ct_OTOOL=otool
ac_cv_prog_ac_ct_RANLIB=ranlib
ac_cv_prog_ac_ct_STRIP=strip
ac_cv_prog_cc_c89=
ac_cv_prog_cc_g=yes
ac_cv_prog_make_make_set=yes
ac_cv_search_inet_addr='none required'
ac_cv_search_socket='none required'
ac_cv_sys_file_offset_bits=no
ac_cv_sys_largefile_CC=no
ac_cv_type_long_long=yes
ac_cv_type_size_t=yes
ac_cv_working_alloca_h=yes
acl_cv_hardcode_direct=no
acl_cv_hardcode_libdir_flag_spec=
acl_cv_hardcode_libdir_separator=
acl_cv_hardcode_minus_L=no
acl_cv_libext=a
acl_cv_libname_spec='lib$name'
acl_cv_library_names_spec='$libname$shrext'
acl_cv_path_LD=/Library/Developer/CommandLineTools/usr/bin/ld
acl_cv_prog_gnu_ld=no
acl_cv_rpath=done
acl_cv_shlibext=dylib
acl_cv_wl=-Wl,
am_cv_CC_dependencies_compiler_type=gcc3
am_cv_make_support_nested_variables=yes
am_cv_prog_cc_c_o=yes
lt_cv_apple_cc_single_mod=yes
lt_cv_ar_at_file=no
lt_cv_deplibs_check_method=pass_all
lt_cv_file_magic_cmd='$MAGIC_CMD'
lt_cv_file_magic_test_file=
lt_cv_ld_exported_symbols_list=yes
lt_cv_ld_force_load=yes
lt_cv_ld_reload_flag=-r
lt_cv_nm_interface='BSD nm'
lt_cv_objdir=.libs
lt_cv_path_LD=/Library/Developer/CommandLineTools/usr/bin/ld
lt_cv_path_NM='/usr/bin/nm -B'
lt_cv_path_mainfest_tool=no
lt_cv_prog_compiler_c_o=yes
lt_cv_prog_compiler_pic='-fno-common -DPIC'
lt_cv_prog_compiler_pic_works=yes
lt_cv_prog_compiler_rtti_exceptions=yes
lt_cv_prog_compiler_static_works=no
lt_cv_prog_gnu_ld=no
lt_cv_sharedlib_from_linklib_cmd='printf %s\n'
lt_cv_sys_global_symbol_pipe='sed -n -e '\''s/^.*[	 ]\([BCDEGRST][BCDEGRST]*\)[	 ][	 ]*_\([_A-Za-z][_A-Za-z0-9]*\)$/\1 _\2 \2/p'\'' | sed '\''/ __gnu_lto/d'\'''
lt_cv_sys_global_symbol_to_c_name_address='sed -n -e '\''s/^: \(.*\) .*$/  {"\1", (void *) 0},/p'\'' -e '\''s/^[BCDEGRST][BCDEGRST]* .* \(.*\)$/  {"\1", (void *) \&\1},/p'\'''
lt_cv_sys_global_symbol_to_c_name_address_lib_prefix='sed -n -e '\''s/^: \(.*\) .*$/  {"\1", (void *) 0},/p'\'' -e '\''s/^[BCDEGRST][BCDEGRST]* .* \(lib.*\)$/  {"\1", (void *) \&\1},/p'\'' -e '\''s/^[BCDEGRST][BCDEGRST]* .* \(.*\)$/  {"lib\1", (void *) \&\1},/p'\'''
lt_cv_sys_global_symbol_to_cdecl='sed -n -e '\''s/^T .* \(.*\)$/extern int \1();/p'\'' -e '\''s/^[BCDEGRST][BCDEGRST]* .* \(.*\)$/extern char \1;/p'\'''
lt_cv_sys_global_symbol_to_import=
lt_cv_sys_max_cmd_len=196608
lt_cv_to_host_file_cmd=func_convert_file_noop
lt_cv_to_tool_file_cmd=func_convert_file_noop
lt_cv_truncate_bin='/bin/dd bs=4096 count=1'

## ----------------- ##
## Output variables. ##
## ----------------- ##

ACLOCAL='${SHELL} /Users/vadimyusanenko/Documents/workspace/RemoteSSHManager/libraries/libssh2-1.8.0/missing aclocal-1.15'
ALLOCA=''
AMDEPBACKSLASH='\'
AMDEP_FALSE='#'
AMDEP_TRUE=''
AMTAR='$${TAR-tar}'
AM_BACKSLASH='\'
AM_DEFAULT_V='$(AM_DEFAULT_VERBOSITY)'
AM_DEFAULT_VERBOSITY='0'
AM_V='$(V)'
AR='ar'
AS='as'
AUTOCONF='${SHELL} /Users/vadimyusanenko/Documents/workspace/RemoteSSHManager/libraries/libssh2-1.8.0/missing autoconf'
AUTOHEADER='${SHELL} /Users/vadimyusanenko/Documents/workspace/RemoteSSHManager/libraries/libssh2-1.8.0/missing autoheader'
AUTOMAKE='${SHELL} /Users/vadimyusanenko/Documents/workspace/RemoteSSHManager/libraries/libssh2-1.8.0/missing automake-1.15'
AWK='awk'
BUILD_EXAMPLES_FALSE=''
BUILD_EXAMPLES_TRUE='#'
CC='gcc'
CCDEPMODE='depmode=gcc3'
CFLAGS=' -DLIBSSH2_DARWIN'
CPP='gcc -E'
CPPFLAGS='-I/Users/vadimyusanenko/Documents/workspace/RemoteSSHManager/libraries/openssl-1.1.0c/usr/local/openssl_install/include'
CYGPATH_W='echo'
DEFS='-DHAVE_CONFIG_H'
DEPDIR='.deps'
DLLTOOL='dlltool'
DSYMUTIL='dsymutil'
DUMPBIN=''
ECHO_C=''
ECHO_N='-n'
ECHO_T=''
EGREP='/usr/bin/grep -E'
EXEEXT=''
FGREP='/usr/bin/grep -F'
GREP='/usr/bin/grep'
HAVE_LIBBCRYPT=''
HAVE_LIBCRYPT32=''
HAVE_LIBGCRYPT=''
HAVE_LIBMBEDTLS=''
HAVE_LIBSSL='yes'
HAVE_LIBZ='yes'
HAVE_SYS_UN_H_FALSE='#'
HAVE_SYS_UN_H_TRUE=''
INSTALL_DATA='${INSTALL} -m 644'
INSTALL_PROGRAM='${INSTALL}'
INSTALL_SCRIPT='${INSTALL}'
INSTALL_STRIP_PROGRAM='$(install_sh) -c -s'
LD='/Library/Developer/CommandLineTools/usr/bin/ld'
LDFLAGS=''
LIBBCRYPT=''
LIBBCRYPT_PREFIX=''
LIBCRYPT32=''
LIBCRYPT32_PREFIX=''
LIBGCRYPT=''
LIBGCRYPT_FALSE=''
LIBGCRYPT_PREFIX=''
LIBGCRYPT_TRUE='#'
LIBMBEDTLS=''
LIBMBEDTLS_PREFIX=''
LIBOBJS=''
LIBS=''
LIBSREQUIRED='libssl,libcrypto,zlib'
LIBSSH2VER='1.8.0'
LIBSSL='/Users/vadimyusanenko/Documents/workspace/RemoteSSHManager/libraries/openssl-1.1.0c/usr/local/openssl_install/lib/libssl.a /Users/vadimyusanenko/Documents/workspace/RemoteSSHManager/libraries/openssl-1.1.0c/usr/local/openssl_install/lib/libcrypto.a'
LIBSSL_PREFIX='/Users/vadimyusanenko/Documents/workspace/RemoteSSHManager/libraries/openssl-1.1.0c/usr/local/openssl_install'
LIBTOOL='$(SHELL) $(top_builddir)/libtool'
LIBZ='-lz'
LIBZ_PREFIX=''
LIPO='lipo'
LN_S='ln -s'
LTLIBBCRYPT=''
LTLIBCRYPT32=''
LTLIBGCRYPT=''
LTLIBMBEDTLS=''
LTLIBOBJS=''
LTLIBSSL='-L/Users/vadimyusanenko/Documents/workspace/RemoteSSHManager/libraries/openssl-1.1.0c/usr/local/openssl_install/lib -lssl -L/Users/vadimyusanenko/Documents/workspace/RemoteSSHManager/libraries/openssl-1.1.0c/usr/local/openssl_install/lib -lcrypto'
LTLIBZ='-lz'
LT_SYS_LIBRARY_PATH=''
MAINT='#'
MAINTAINER_MODE_FALSE=''
MAINTAINER_MODE_TRUE='#'
MAKEINFO='${SHELL} /Users/vadimyusanenko/Documents/workspace/RemoteSSHManager/libraries/libssh2-1.8.0/missing makeinfo'
MANIFEST_TOOL=':'
MBEDTLS_FALSE=''
MBEDTLS_TRUE='#'
MKDIR_P='./install-sh -c -d'
NM='/usr/bin/nm -B'
NMEDIT='nmedit'
OBJDUMP='objdump'
OBJEXT='o'
OPENSSL_FALSE='#'
OPENSSL_TRUE=''
OS400QC3_FALSE=''
OS400QC3_TRUE='#'
OTOOL64=':'
OTOOL='otool'
PACKAGE='libssh2'
PACKAGE_BUGREPORT='libssh2-devel@cool.haxx.se'
PACKAGE_NAME='libssh2'
PACKAGE_STRING='libssh2 -'
PACKAGE_TARNAME='libssh2'
PACKAGE_URL=''
PACKAGE_VERSION='-'
PATH_SEPARATOR=':'
RANLIB='ranlib'
SED='/usr/bin/sed'
SET_MAKE=''
SHELL='/bin/sh'
SSHD='/usr/sbin/sshd'
SSHD_FALSE='#'
SSHD_TRUE=''
STRIP='strip'
VERSION='-'
WINCNG_FALSE=''
WINCNG_TRUE='#'
ac_ct_AR='ar'
ac_ct_CC='gcc'
ac_ct_DUMPBIN=''
am__EXEEXT_FALSE=''
am__EXEEXT_TRUE='#'
am__fastdepCC_FALSE='#'
am__fastdepCC_TRUE=''
am__include='include'
am__isrc=''
am__leading_dot='.'
am__nodep='_no'
am__quote=''
am__tar='$${TAR-tar} chof - "$$tardir"'
am__untar='$${TAR-tar} xf -'
bindir='${exec_prefix}/bin'
build='x86_64-apple-darwin16.1.0'
build_alias=''
build_cpu='x86_64'
build_os='darwin16.1.0'
build_vendor='apple'
datadir='${datarootdir}'
datarootdir='${prefix}/share'
docdir='${datarootdir}/doc/${PACKAGE_TARNAME}'
dvidir='${docdir}'
exec_prefix='${prefix}'
host='x86_64-apple-darwin16.1.0'
host_alias=''
host_cpu='x86_64'
host_os='darwin16.1.0'
host_vendor='apple'
htmldir='${docdir}'
includedir='${prefix}/include'
infodir='${datarootdir}/info'
install_sh='${SHELL} /Users/vadimyusanenko/Documents/workspace/RemoteSSHManager/libraries/libssh2-1.8.0/install-sh'
libdir='${exec_prefix}/lib'
libexecdir='${exec_prefix}/libexec'
localedir='${datarootdir}/locale'
localstatedir='${prefix}/var'
mandir='${datarootdir}/man'
mkdir_p='$(MKDIR_P)'
oldincludedir='/usr/include'
pdfdir='${docdir}'
prefix='/usr/local'
program_transform_name='s,x,x,'
psdir='${docdir}'
runstatedir='${localstatedir}/run'
sbindir='${exec_prefix}/sbin'
sharedstatedir='${prefix}/com'
sysconfdir='${prefix}/etc'
target_alias=''

## ----------- ##
## confdefs.h. ##
## ----------- ##

/* confdefs.h */
#define PACKAGE_NAME "libssh2"
#define PACKAGE_TARNAME "libssh2"
#define PACKAGE_VERSION "-"
#define PACKAGE_STRING "libssh2 -"
#define PACKAGE_BUGREPORT "libssh2-devel@cool.haxx.se"
#define PACKAGE_URL ""
#define PACKAGE "libssh2"
#define VERSION "-"
#define STDC_HEADERS 1
#define HAVE_SYS_TYPES_H 1
#define HAVE_SYS_STAT_H 1
#define HAVE_STDLIB_H 1
#define HAVE_STRING_H 1
#define HAVE_MEMORY_H 1
#define HAVE_STRINGS_H 1
#define HAVE_INTTYPES_H 1
#define HAVE_STDINT_H 1
#define HAVE_UNISTD_H 1
#define HAVE_LONGLONG 1
#define HAVE_DLFCN_H 1
#define LT_OBJDIR ".libs/"
#define HAVE_LIBSSL 1
#define LIBSSH2_OPENSSL 1
#define HAVE_EVP_AES_128_CTR 1
#define HAVE_LIBZ 1
#define LIBSSH2_HAVE_ZLIB 1
#define LIBSSH2_DH_GEX_NEW 1
#define HAVE_ERRNO_H 1
#define HAVE_FCNTL_H 1
#define HAVE_STDIO_H 1
#define HAVE_STDLIB_H 1
#define HAVE_UNISTD_H 1
#define HAVE_SYS_UIO_H 1
#define HAVE_SYS_SELECT_H 1
#define HAVE_SYS_SOCKET_H 1
#define HAVE_SYS_IOCTL_H 1
#define HAVE_SYS_TIME_H 1
#define HAVE_ARPA_INET_H 1
#define HAVE_NETINET_IN_H 1
#define HAVE_SYS_UN_H 1
#define HAVE_GETTIMEOFDAY 1
#define HAVE_SELECT 1
#define HAVE_STRTOLL 1
#define HAVE_ALLOCA_H 1
#define HAVE_ALLOCA 1
#define HAVE_O_NONBLOCK 1

configure: exit 0
